#
# There is insufficient memory for the Java Runtime Environment to continue.
# Native memory allocation (malloc) failed to allocate 1181296 bytes for Chunk::new
# Possible reasons:
#   The system is out of physical RAM or swap space
#   The process is running with CompressedOops enabled, and the Java Heap may be blocking the growth of the native heap
# Possible solutions:
#   Reduce memory load on the system
#   Increase physical memory or swap space
#   Check if swap backing store is full
#   Decrease Java heap size (-Xmx/-Xms)
#   Decrease number of Java threads
#   Decrease Java thread stack sizes (-Xss)
#   Set larger code cache with -XX:ReservedCodeCacheSize=
#   JVM is running with Unscaled Compressed Oops mode in which the Java heap is
#     placed in the first 4GB address space. The Java Heap base address is the
#     maximum limit for the native heap growth. Please use -XX:HeapBaseMinAddress
#     to set the Java Heap base and to place the Java Heap above 4GB virtual address.
# This output file may be truncated or incomplete.
#
#  Out of Memory Error (t:/workspace/open/src/hotspot/share/memory/arena.cpp:198), pid=15824, tid=16716
#
# JRE version: Java(TM) SE Runtime Environment (10.0.2+13) (build 10.0.2+13)
# Java VM: Java HotSpot(TM) 64-Bit Server VM (10.0.2+13, mixed mode, tiered, compressed oops, g1 gc, windows-amd64)
# No core dump will be written. Minidumps are not enabled by default on client versions of Windows
#

---------------  S U M M A R Y ------------

Command Line: C:\Users\lrabo\AppData\Local\Temp\surefire920838289309884317\surefirebooter6010552400010189055.jar C:\Users\lrabo\AppData\Local\Temp\surefire920838289309884317 2019-05-19T23-07-54_190-jvmRun1 surefire16840845944215744452tmp surefire_06432339626487980689tmp

Host: Intel(R) Core(TM) i7-7500U CPU @ 2.70GHz, 4 cores, 7G,  Windows 10 , 64 bit Build 17134 (10.0.17134.753)
Time: Sun May 19 23:08:02 2019 Hora oficial do Brasil elapsed time: 2 seconds (0d 0h 0m 2s)

---------------  T H R E A D  ---------------

Current thread (0x000002e6b2802800):  JavaThread "C2 CompilerThread1" daemon [_thread_in_native, id=16716, stack(0x000000e7ce200000,0x000000e7ce300000)]


Current CompileTask:
C2:   2700 1889   !   4       jdk.internal.loader.BuiltinClassLoader::loadClassOrNull (143 bytes)

Stack: [0x000000e7ce200000,0x000000e7ce300000]
Native frames: (J=compiled Java code, j=interpreted, Vv=VM code, C=native code)
V  [jvm.dll+0x5a01a9]
V  [jvm.dll+0x6bcf31]
V  [jvm.dll+0x6be126]
V  [jvm.dll+0x6be7b3]
V  [jvm.dll+0x234978]
V  [jvm.dll+0xbb69c]
V  [jvm.dll+0xbbbac]
V  [jvm.dll+0x2a68e4]
V  [jvm.dll+0x4bf92a]
V  [jvm.dll+0x201949]
V  [jvm.dll+0x1ff0a1]
V  [jvm.dll+0x17c94b]
V  [jvm.dll+0x20c8dd]
V  [jvm.dll+0x20b6a6]
V  [jvm.dll+0x68b7ff]
V  [jvm.dll+0x59f4b0]
C  [msvcr120.dll+0x24f7f]
C  [msvcr120.dll+0x25126]
C  [KERNEL32.DLL+0x14034]
C  [ntdll.dll+0x73691]


---------------  P R O C E S S  ---------------

Threads class SMR info:
_java_thread_list=0x000002e6b45d0ca0, length=14, elements={
0x000002e691453000, 0x000002e6b27f4800, 0x000002e6b27f7000, 0x000002e6b3182800,
0x000002e6b3183000, 0x000002e6b2801000, 0x000002e6b2802800, 0x000002e6b280b800,
0x000002e6b280d000, 0x000002e6b3317000, 0x000002e6b331e800, 0x000002e6b33cc000,
0x000002e6b36f0800, 0x000002e6b4d0e800
}

Java Threads: ( => current thread )
  0x000002e691453000 JavaThread "main" [_thread_blocked, id=12488, stack(0x000000e7cd000000,0x000000e7cd100000)]
  0x000002e6b27f4800 JavaThread "Reference Handler" daemon [_thread_blocked, id=6668, stack(0x000000e7cdd00000,0x000000e7cde00000)]
  0x000002e6b27f7000 JavaThread "Finalizer" daemon [_thread_blocked, id=22988, stack(0x000000e7cde00000,0x000000e7cdf00000)]
  0x000002e6b3182800 JavaThread "Signal Dispatcher" daemon [_thread_blocked, id=15376, stack(0x000000e7cdf00000,0x000000e7ce000000)]
  0x000002e6b3183000 JavaThread "Attach Listener" daemon [_thread_blocked, id=23028, stack(0x000000e7ce000000,0x000000e7ce100000)]
  0x000002e6b2801000 JavaThread "C2 CompilerThread0" daemon [_thread_blocked, id=12612, stack(0x000000e7ce100000,0x000000e7ce200000)]
=>0x000002e6b2802800 JavaThread "C2 CompilerThread1" daemon [_thread_in_native, id=16716, stack(0x000000e7ce200000,0x000000e7ce300000)]
  0x000002e6b280b800 JavaThread "C1 CompilerThread2" daemon [_thread_blocked, id=13264, stack(0x000000e7ce300000,0x000000e7ce400000)]
  0x000002e6b280d000 JavaThread "Sweeper thread" daemon [_thread_blocked, id=10372, stack(0x000000e7ce400000,0x000000e7ce500000)]
  0x000002e6b3317000 JavaThread "Service Thread" daemon [_thread_blocked, id=8996, stack(0x000000e7ce500000,0x000000e7ce600000)]
  0x000002e6b331e800 JavaThread "Common-Cleaner" daemon [_thread_blocked, id=384, stack(0x000000e7ce700000,0x000000e7ce800000)]
  0x000002e6b33cc000 JavaThread "surefire-forkedjvm-command-thread" daemon [_thread_in_native, id=22216, stack(0x000000e7ce800000,0x000000e7ce900000)]
  0x000002e6b36f0800 JavaThread "surefire-forkedjvm-ping-30s" daemon [_thread_blocked, id=12652, stack(0x000000e7ce900000,0x000000e7cea00000)]
  0x000002e6b4d0e800 JavaThread "spring.cloud.inetutils" daemon [_thread_in_native, id=22596, stack(0x000000e7ceb00000,0x000000e7cec00000)]

Other Threads:
  0x000002e6b27e2000 VMThread "VM Thread" [stack: 0x000000e7cdc00000,0x000000e7cdd00000] [id=13360]
  0x000002e6b331c000 WatcherThread [stack: 0x000000e7ce600000,0x000000e7ce700000] [id=14412]
  0x000002e69146b000 GCTaskThread "GC Thread#0" [stack: 0x000000e7cd100000,0x000000e7cd200000] [id=11860]
  0x000002e69146c800 GCTaskThread "GC Thread#1" [stack: 0x000000e7cd200000,0x000000e7cd300000] [id=9856]
  0x000002e69146e000 GCTaskThread "GC Thread#2" [stack: 0x000000e7cd300000,0x000000e7cd400000] [id=23380]
  0x000002e691471800 GCTaskThread "GC Thread#3" [stack: 0x000000e7cd400000,0x000000e7cd500000] [id=548]
  0x000002e6914e9800 ConcurrentGCThread "G1 Main Marker" [stack: 0x000000e7cd500000,0x000000e7cd600000] [id=10908]
  0x000002e6914ec800 ConcurrentGCThread "G1 Conc#0" [stack: 0x000000e7cd600000,0x000000e7cd700000] [id=12136]
  0x000002e69152e800 ConcurrentGCThread "G1 Refine#0" [stack: 0x000000e7cd700000,0x000000e7cd800000] [id=10568]
  0x000002e6b266d800 ConcurrentGCThread "G1 Refine#1" [stack: 0x000000e7cd800000,0x000000e7cd900000] [id=12268]
  0x000002e6b266e800 ConcurrentGCThread "G1 Refine#2" [stack: 0x000000e7cd900000,0x000000e7cda00000] [id=21828]
  0x000002e6b266f800 ConcurrentGCThread "G1 Refine#3" [stack: 0x000000e7cda00000,0x000000e7cdb00000] [id=14616]
  0x000002e6b2676800 ConcurrentGCThread "G1 Young RemSet Sampling" [stack: 0x000000e7cdb00000,0x000000e7cdc00000] [id=8248]

Threads with active compile tasks:
C2 CompilerThread11889   !   4       jdk.internal.loader.BuiltinClassLoader::loadClassOrNull (143 bytes)

VM state:not at safepoint (normal execution)

VM Mutex/Monitor currently owned by a thread: None

Heap address: 0x0000000081e00000, size: 2018 MB, Compressed Oops mode: 32-bit
Narrow klass base: 0x0000000000000000, Narrow klass shift: 3
Compressed class space size: 1073741824 Address: 0x0000000100000000

Heap:
 garbage-first heap   total 131072K, used 35310K [0x0000000081e00000, 0x0000000100000000)
  region size 1024K, 30 young (30720K), 3 survivors (3072K)
 Metaspace       used 27172K, capacity 27646K, committed 27776K, reserved 1073152K
  class space    used 2948K, capacity 3156K, committed 3200K, reserved 1048576K
Heap Regions: E=young(eden), S=young(survivor), O=old, HS=humongous(starts), HC=humongous(continues), CS=collection set, F=free, A=archive, TS=gc time stamp, AC=allocation context, TAMS=top-at-mark-start (previous, next)
|   0|0x0000000081e00000, 0x0000000081f00000, 0x0000000081f00000|100%| O|  |TS  0|AC  0|TAMS 0x0000000081f00000, 0x0000000081f00000|
|   1|0x0000000081f00000, 0x0000000082000000, 0x0000000082000000|100%| O|  |TS  0|AC  0|TAMS 0x0000000082000000, 0x0000000082000000|
|   2|0x0000000082000000, 0x0000000082100000, 0x0000000082100000|100%| O|  |TS  0|AC  0|TAMS 0x0000000082100000, 0x0000000082100000|
|   3|0x0000000082100000, 0x0000000082200000, 0x0000000082200000|100%| O|  |TS  0|AC  0|TAMS 0x0000000082200000, 0x0000000082200000|
|   4|0x0000000082200000, 0x0000000082300000, 0x0000000082300000|100%| O|  |TS  0|AC  0|TAMS 0x0000000082300000, 0x0000000082300000|
|   5|0x0000000082300000, 0x00000000823e0200, 0x0000000082400000| 87%| O|  |TS  0|AC  0|TAMS 0x00000000823e0200, 0x00000000823e0200|
|   6|0x0000000082400000, 0x0000000082400000, 0x0000000082500000|  0%| F|  |TS  0|AC  0|TAMS 0x0000000082400000, 0x0000000082400000|
|   7|0x0000000082500000, 0x0000000082500000, 0x0000000082600000|  0%| F|  |TS  0|AC  0|TAMS 0x0000000082500000, 0x0000000082500000|
|   8|0x0000000082600000, 0x0000000082600000, 0x0000000082700000|  0%| F|  |TS  0|AC  0|TAMS 0x0000000082600000, 0x0000000082600000|
|   9|0x0000000082700000, 0x0000000082700000, 0x0000000082800000|  0%| F|  |TS  0|AC  0|TAMS 0x0000000082700000, 0x0000000082700000|
|  10|0x0000000082800000, 0x0000000082800000, 0x0000000082900000|  0%| F|  |TS  0|AC  0|TAMS 0x0000000082800000, 0x0000000082800000|
|  11|0x0000000082900000, 0x0000000082900000, 0x0000000082a00000|  0%| F|  |TS  0|AC  0|TAMS 0x0000000082900000, 0x0000000082900000|
|  12|0x0000000082a00000, 0x0000000082a00000, 0x0000000082b00000|  0%| F|  |TS  0|AC  0|TAMS 0x0000000082a00000, 0x0000000082a00000|
|  13|0x0000000082b00000, 0x0000000082b00000, 0x0000000082c00000|  0%| F|  |TS  0|AC  0|TAMS 0x0000000082b00000, 0x0000000082b00000|
|  14|0x0000000082c00000, 0x0000000082c00000, 0x0000000082d00000|  0%| F|  |TS  0|AC  0|TAMS 0x0000000082c00000, 0x0000000082c00000|
|  15|0x0000000082d00000, 0x0000000082d00000, 0x0000000082e00000|  0%| F|  |TS  0|AC  0|TAMS 0x0000000082d00000, 0x0000000082d00000|
|  16|0x0000000082e00000, 0x0000000082e00000, 0x0000000082f00000|  0%| F|  |TS  0|AC  0|TAMS 0x0000000082e00000, 0x0000000082e00000|
|  17|0x0000000082f00000, 0x0000000082f00000, 0x0000000083000000|  0%| F|  |TS  0|AC  0|TAMS 0x0000000082f00000, 0x0000000082f00000|
|  18|0x0000000083000000, 0x0000000083000000, 0x0000000083100000|  0%| F|  |TS  0|AC  0|TAMS 0x0000000083000000, 0x0000000083000000|
|  19|0x0000000083100000, 0x0000000083100000, 0x0000000083200000|  0%| F|  |TS  0|AC  0|TAMS 0x0000000083100000, 0x0000000083100000|
|  20|0x0000000083200000, 0x0000000083200000, 0x0000000083300000|  0%| F|  |TS  0|AC  0|TAMS 0x0000000083200000, 0x0000000083200000|
|  21|0x0000000083300000, 0x0000000083300000, 0x0000000083400000|  0%| F|  |TS  0|AC  0|TAMS 0x0000000083300000, 0x0000000083300000|
|  22|0x0000000083400000, 0x0000000083400000, 0x0000000083500000|  0%| F|  |TS  0|AC  0|TAMS 0x0000000083400000, 0x0000000083400000|
|  23|0x0000000083500000, 0x0000000083500000, 0x0000000083600000|  0%| F|  |TS  0|AC  0|TAMS 0x0000000083500000, 0x0000000083500000|
|  24|0x0000000083600000, 0x0000000083600000, 0x0000000083700000|  0%| F|  |TS  0|AC  0|TAMS 0x0000000083600000, 0x0000000083600000|
|  25|0x0000000083700000, 0x0000000083700000, 0x0000000083800000|  0%| F|  |TS  0|AC  0|TAMS 0x0000000083700000, 0x0000000083700000|
|  26|0x0000000083800000, 0x0000000083800000, 0x0000000083900000|  0%| F|  |TS  0|AC  0|TAMS 0x0000000083800000, 0x0000000083800000|
|  27|0x0000000083900000, 0x0000000083900000, 0x0000000083a00000|  0%| F|  |TS  0|AC  0|TAMS 0x0000000083900000, 0x0000000083900000|
|  28|0x0000000083a00000, 0x0000000083a00000, 0x0000000083b00000|  0%| F|  |TS  0|AC  0|TAMS 0x0000000083a00000, 0x0000000083a00000|
|  29|0x0000000083b00000, 0x0000000083b00000, 0x0000000083c00000|  0%| F|  |TS  0|AC  0|TAMS 0x0000000083b00000, 0x0000000083b00000|
|  30|0x0000000083c00000, 0x0000000083c00000, 0x0000000083d00000|  0%| F|  |TS  0|AC  0|TAMS 0x0000000083c00000, 0x0000000083c00000|
|  31|0x0000000083d00000, 0x0000000083d00000, 0x0000000083e00000|  0%| F|  |TS  0|AC  0|TAMS 0x0000000083d00000, 0x0000000083d00000|
|  32|0x0000000083e00000, 0x0000000083e00000, 0x0000000083f00000|  0%| F|  |TS  0|AC  0|TAMS 0x0000000083e00000, 0x0000000083e00000|
|  33|0x0000000083f00000, 0x0000000083f00000, 0x0000000084000000|  0%| F|  |TS  0|AC  0|TAMS 0x0000000083f00000, 0x0000000083f00000|
|  34|0x0000000084000000, 0x0000000084000000, 0x0000000084100000|  0%| F|  |TS  0|AC  0|TAMS 0x0000000084000000, 0x0000000084000000|
|  35|0x0000000084100000, 0x0000000084100000, 0x0000000084200000|  0%| F|  |TS  0|AC  0|TAMS 0x0000000084100000, 0x0000000084100000|
|  36|0x0000000084200000, 0x0000000084200000, 0x0000000084300000|  0%| F|  |TS  0|AC  0|TAMS 0x0000000084200000, 0x0000000084200000|
|  37|0x0000000084300000, 0x0000000084300000, 0x0000000084400000|  0%| F|  |TS  0|AC  0|TAMS 0x0000000084300000, 0x0000000084300000|
|  38|0x0000000084400000, 0x0000000084400000, 0x0000000084500000|  0%| F|  |TS  0|AC  0|TAMS 0x0000000084400000, 0x0000000084400000|
|  39|0x0000000084500000, 0x0000000084500000, 0x0000000084600000|  0%| F|  |TS  0|AC  0|TAMS 0x0000000084500000, 0x0000000084500000|
|  40|0x0000000084600000, 0x0000000084600000, 0x0000000084700000|  0%| F|  |TS  0|AC  0|TAMS 0x0000000084600000, 0x0000000084600000|
|  41|0x0000000084700000, 0x0000000084700000, 0x0000000084800000|  0%| F|  |TS  0|AC  0|TAMS 0x0000000084700000, 0x0000000084700000|
|  42|0x0000000084800000, 0x0000000084800000, 0x0000000084900000|  0%| F|  |TS  0|AC  0|TAMS 0x0000000084800000, 0x0000000084800000|
|  43|0x0000000084900000, 0x0000000084900000, 0x0000000084a00000|  0%| F|  |TS  0|AC  0|TAMS 0x0000000084900000, 0x0000000084900000|
|  44|0x0000000084a00000, 0x0000000084a00000, 0x0000000084b00000|  0%| F|  |TS  0|AC  0|TAMS 0x0000000084a00000, 0x0000000084a00000|
|  45|0x0000000084b00000, 0x0000000084b00000, 0x0000000084c00000|  0%| F|  |TS  0|AC  0|TAMS 0x0000000084b00000, 0x0000000084b00000|
|  46|0x0000000084c00000, 0x0000000084c00000, 0x0000000084d00000|  0%| F|  |TS  0|AC  0|TAMS 0x0000000084c00000, 0x0000000084c00000|
|  47|0x0000000084d00000, 0x0000000084d00000, 0x0000000084e00000|  0%| F|  |TS  0|AC  0|TAMS 0x0000000084d00000, 0x0000000084d00000|
|  48|0x0000000084e00000, 0x0000000084e00000, 0x0000000084f00000|  0%| F|  |TS  0|AC  0|TAMS 0x0000000084e00000, 0x0000000084e00000|
|  49|0x0000000084f00000, 0x0000000084f00000, 0x0000000085000000|  0%| F|  |TS  0|AC  0|TAMS 0x0000000084f00000, 0x0000000084f00000|
|  50|0x0000000085000000, 0x0000000085000000, 0x0000000085100000|  0%| F|  |TS  0|AC  0|TAMS 0x0000000085000000, 0x0000000085000000|
|  51|0x0000000085100000, 0x0000000085100000, 0x0000000085200000|  0%| F|  |TS  0|AC  0|TAMS 0x0000000085100000, 0x0000000085100000|
|  52|0x0000000085200000, 0x0000000085200000, 0x0000000085300000|  0%| F|  |TS  0|AC  0|TAMS 0x0000000085200000, 0x0000000085200000|
|  53|0x0000000085300000, 0x0000000085300000, 0x0000000085400000|  0%| F|  |TS  0|AC  0|TAMS 0x0000000085300000, 0x0000000085300000|
|  54|0x0000000085400000, 0x0000000085400000, 0x0000000085500000|  0%| F|  |TS  0|AC  0|TAMS 0x0000000085400000, 0x0000000085400000|
|  55|0x0000000085500000, 0x0000000085500000, 0x0000000085600000|  0%| F|  |TS  0|AC  0|TAMS 0x0000000085500000, 0x0000000085500000|
|  56|0x0000000085600000, 0x0000000085600000, 0x0000000085700000|  0%| F|  |TS  0|AC  0|TAMS 0x0000000085600000, 0x0000000085600000|
|  57|0x0000000085700000, 0x0000000085700000, 0x0000000085800000|  0%| F|  |TS  0|AC  0|TAMS 0x0000000085700000, 0x0000000085700000|
|  58|0x0000000085800000, 0x0000000085800000, 0x0000000085900000|  0%| F|  |TS  0|AC  0|TAMS 0x0000000085800000, 0x0000000085800000|
|  59|0x0000000085900000, 0x0000000085900000, 0x0000000085a00000|  0%| F|  |TS  0|AC  0|TAMS 0x0000000085900000, 0x0000000085900000|
|  60|0x0000000085a00000, 0x0000000085a00000, 0x0000000085b00000|  0%| F|  |TS  0|AC  0|TAMS 0x0000000085a00000, 0x0000000085a00000|
|  61|0x0000000085b00000, 0x0000000085b00000, 0x0000000085c00000|  0%| F|  |TS  0|AC  0|TAMS 0x0000000085b00000, 0x0000000085b00000|
|  62|0x0000000085c00000, 0x0000000085c00000, 0x0000000085d00000|  0%| F|  |TS  0|AC  0|TAMS 0x0000000085c00000, 0x0000000085c00000|
|  63|0x0000000085d00000, 0x0000000085d00000, 0x0000000085e00000|  0%| F|  |TS  0|AC  0|TAMS 0x0000000085d00000, 0x0000000085d00000|
|  64|0x0000000085e00000, 0x0000000085e00000, 0x0000000085f00000|  0%| F|  |TS  0|AC  0|TAMS 0x0000000085e00000, 0x0000000085e00000|
|  65|0x0000000085f00000, 0x0000000085f00000, 0x0000000086000000|  0%| F|  |TS  0|AC  0|TAMS 0x0000000085f00000, 0x0000000085f00000|
|  66|0x0000000086000000, 0x0000000086000000, 0x0000000086100000|  0%| F|  |TS  0|AC  0|TAMS 0x0000000086000000, 0x0000000086000000|
|  67|0x0000000086100000, 0x0000000086100000, 0x0000000086200000|  0%| F|  |TS  0|AC  0|TAMS 0x0000000086100000, 0x0000000086100000|
|  68|0x0000000086200000, 0x0000000086200000, 0x0000000086300000|  0%| F|  |TS  0|AC  0|TAMS 0x0000000086200000, 0x0000000086200000|
|  69|0x0000000086300000, 0x0000000086300000, 0x0000000086400000|  0%| F|  |TS  0|AC  0|TAMS 0x0000000086300000, 0x0000000086300000|
|  70|0x0000000086400000, 0x0000000086400000, 0x0000000086500000|  0%| F|  |TS  0|AC  0|TAMS 0x0000000086400000, 0x0000000086400000|
|  71|0x0000000086500000, 0x0000000086500000, 0x0000000086600000|  0%| F|  |TS  0|AC  0|TAMS 0x0000000086500000, 0x0000000086500000|
|  72|0x0000000086600000, 0x0000000086600000, 0x0000000086700000|  0%| F|  |TS  0|AC  0|TAMS 0x0000000086600000, 0x0000000086600000|
|  73|0x0000000086700000, 0x0000000086700000, 0x0000000086800000|  0%| F|  |TS  0|AC  0|TAMS 0x0000000086700000, 0x0000000086700000|
|  74|0x0000000086800000, 0x0000000086800000, 0x0000000086900000|  0%| F|  |TS  0|AC  0|TAMS 0x0000000086800000, 0x0000000086800000|
|  75|0x0000000086900000, 0x0000000086900000, 0x0000000086a00000|  0%| F|  |TS  0|AC  0|TAMS 0x0000000086900000, 0x0000000086900000|
|  76|0x0000000086a00000, 0x0000000086a00000, 0x0000000086b00000|  0%| F|  |TS  0|AC  0|TAMS 0x0000000086a00000, 0x0000000086a00000|
|  77|0x0000000086b00000, 0x0000000086b00000, 0x0000000086c00000|  0%| F|  |TS  0|AC  0|TAMS 0x0000000086b00000, 0x0000000086b00000|
|  78|0x0000000086c00000, 0x0000000086c00000, 0x0000000086d00000|  0%| F|  |TS  0|AC  0|TAMS 0x0000000086c00000, 0x0000000086c00000|
|  79|0x0000000086d00000, 0x0000000086d00000, 0x0000000086e00000|  0%| F|  |TS  0|AC  0|TAMS 0x0000000086d00000, 0x0000000086d00000|
|  80|0x0000000086e00000, 0x0000000086e00000, 0x0000000086f00000|  0%| F|  |TS  0|AC  0|TAMS 0x0000000086e00000, 0x0000000086e00000|
|  81|0x0000000086f00000, 0x0000000086f00000, 0x0000000087000000|  0%| F|  |TS  0|AC  0|TAMS 0x0000000086f00000, 0x0000000086f00000|
|  82|0x0000000087000000, 0x0000000087000000, 0x0000000087100000|  0%| F|  |TS  0|AC  0|TAMS 0x0000000087000000, 0x0000000087000000|
|  83|0x0000000087100000, 0x0000000087100000, 0x0000000087200000|  0%| F|  |TS  0|AC  0|TAMS 0x0000000087100000, 0x0000000087100000|
|  84|0x0000000087200000, 0x0000000087200000, 0x0000000087300000|  0%| F|  |TS  0|AC  0|TAMS 0x0000000087200000, 0x0000000087200000|
|  85|0x0000000087300000, 0x0000000087300000, 0x0000000087400000|  0%| F|  |TS  0|AC  0|TAMS 0x0000000087300000, 0x0000000087300000|
|  86|0x0000000087400000, 0x0000000087400000, 0x0000000087500000|  0%| F|  |TS  0|AC  0|TAMS 0x0000000087400000, 0x0000000087400000|
|  87|0x0000000087500000, 0x0000000087500000, 0x0000000087600000|  0%| F|  |TS  0|AC  0|TAMS 0x0000000087500000, 0x0000000087500000|
|  88|0x0000000087600000, 0x0000000087600000, 0x0000000087700000|  0%| F|  |TS  0|AC  0|TAMS 0x0000000087600000, 0x0000000087600000|
|  89|0x0000000087700000, 0x0000000087700000, 0x0000000087800000|  0%| F|  |TS  0|AC  0|TAMS 0x0000000087700000, 0x0000000087700000|
|  90|0x0000000087800000, 0x0000000087800000, 0x0000000087900000|  0%| F|  |TS  0|AC  0|TAMS 0x0000000087800000, 0x0000000087800000|
|  91|0x0000000087900000, 0x0000000087900000, 0x0000000087a00000|  0%| F|  |TS  0|AC  0|TAMS 0x0000000087900000, 0x0000000087900000|
|  92|0x0000000087a00000, 0x0000000087a00000, 0x0000000087b00000|  0%| F|  |TS  0|AC  0|TAMS 0x0000000087a00000, 0x0000000087a00000|
|  93|0x0000000087b00000, 0x0000000087b00000, 0x0000000087c00000|  0%| F|  |TS  0|AC  0|TAMS 0x0000000087b00000, 0x0000000087b00000|
|  94|0x0000000087c00000, 0x0000000087c00000, 0x0000000087d00000|  0%| F|  |TS  0|AC  0|TAMS 0x0000000087c00000, 0x0000000087c00000|
|  95|0x0000000087d00000, 0x0000000087d00000, 0x0000000087e00000|  0%| F|  |TS  0|AC  0|TAMS 0x0000000087d00000, 0x0000000087d00000|
|  96|0x0000000087e00000, 0x0000000087e00000, 0x0000000087f00000|  0%| F|  |TS  0|AC  0|TAMS 0x0000000087e00000, 0x0000000087e00000|
|  97|0x0000000087f00000, 0x0000000087f9b6b0, 0x0000000088000000| 60%| S|CS|TS  0|AC  0|TAMS 0x0000000087f00000, 0x0000000087f00000|
|  98|0x0000000088000000, 0x0000000088100000, 0x0000000088100000|100%| S|CS|TS  0|AC  0|TAMS 0x0000000088000000, 0x0000000088000000|
|  99|0x0000000088100000, 0x0000000088200000, 0x0000000088200000|100%| S|CS|TS  0|AC  0|TAMS 0x0000000088100000, 0x0000000088100000|
| 100|0x0000000088200000, 0x0000000088200000, 0x0000000088300000|  0%| F|  |TS  0|AC  0|TAMS 0x0000000088200000, 0x0000000088200000|
| 101|0x0000000088300000, 0x0000000088380800, 0x0000000088400000| 50%| E|  |TS  0|AC  0|TAMS 0x0000000088300000, 0x0000000088300000|
| 102|0x0000000088400000, 0x0000000088500000, 0x0000000088500000|100%| E|CS|TS  0|AC  0|TAMS 0x0000000088400000, 0x0000000088400000|
| 103|0x0000000088500000, 0x0000000088600000, 0x0000000088600000|100%| E|CS|TS  0|AC  0|TAMS 0x0000000088500000, 0x0000000088500000|
| 104|0x0000000088600000, 0x0000000088700000, 0x0000000088700000|100%| E|CS|TS  0|AC  0|TAMS 0x0000000088600000, 0x0000000088600000|
| 105|0x0000000088700000, 0x0000000088800000, 0x0000000088800000|100%| E|CS|TS  0|AC  0|TAMS 0x0000000088700000, 0x0000000088700000|
| 106|0x0000000088800000, 0x0000000088900000, 0x0000000088900000|100%| E|CS|TS  0|AC  0|TAMS 0x0000000088800000, 0x0000000088800000|
| 107|0x0000000088900000, 0x0000000088a00000, 0x0000000088a00000|100%| E|CS|TS  0|AC  0|TAMS 0x0000000088900000, 0x0000000088900000|
| 108|0x0000000088a00000, 0x0000000088b00000, 0x0000000088b00000|100%| E|CS|TS  0|AC  0|TAMS 0x0000000088a00000, 0x0000000088a00000|
| 109|0x0000000088b00000, 0x0000000088c00000, 0x0000000088c00000|100%| E|CS|TS  0|AC  0|TAMS 0x0000000088b00000, 0x0000000088b00000|
| 110|0x0000000088c00000, 0x0000000088d00000, 0x0000000088d00000|100%| E|CS|TS  0|AC  0|TAMS 0x0000000088c00000, 0x0000000088c00000|
| 111|0x0000000088d00000, 0x0000000088e00000, 0x0000000088e00000|100%| E|CS|TS  0|AC  0|TAMS 0x0000000088d00000, 0x0000000088d00000|
| 112|0x0000000088e00000, 0x0000000088f00000, 0x0000000088f00000|100%| E|CS|TS  0|AC  0|TAMS 0x0000000088e00000, 0x0000000088e00000|
| 113|0x0000000088f00000, 0x0000000089000000, 0x0000000089000000|100%| E|CS|TS  0|AC  0|TAMS 0x0000000088f00000, 0x0000000088f00000|
| 114|0x0000000089000000, 0x0000000089100000, 0x0000000089100000|100%| E|CS|TS  0|AC  0|TAMS 0x0000000089000000, 0x0000000089000000|
| 115|0x0000000089100000, 0x0000000089200000, 0x0000000089200000|100%| E|CS|TS  0|AC  0|TAMS 0x0000000089100000, 0x0000000089100000|
| 116|0x0000000089200000, 0x0000000089300000, 0x0000000089300000|100%| E|CS|TS  0|AC  0|TAMS 0x0000000089200000, 0x0000000089200000|
| 117|0x0000000089300000, 0x0000000089400000, 0x0000000089400000|100%| E|CS|TS  0|AC  0|TAMS 0x0000000089300000, 0x0000000089300000|
| 118|0x0000000089400000, 0x0000000089500000, 0x0000000089500000|100%| E|CS|TS  0|AC  0|TAMS 0x0000000089400000, 0x0000000089400000|
| 119|0x0000000089500000, 0x0000000089600000, 0x0000000089600000|100%| E|CS|TS  0|AC  0|TAMS 0x0000000089500000, 0x0000000089500000|
| 120|0x0000000089600000, 0x0000000089700000, 0x0000000089700000|100%| E|CS|TS  0|AC  0|TAMS 0x0000000089600000, 0x0000000089600000|
| 121|0x0000000089700000, 0x0000000089800000, 0x0000000089800000|100%| E|CS|TS  0|AC  0|TAMS 0x0000000089700000, 0x0000000089700000|
| 122|0x0000000089800000, 0x0000000089900000, 0x0000000089900000|100%| E|CS|TS  0|AC  0|TAMS 0x0000000089800000, 0x0000000089800000|
| 123|0x0000000089900000, 0x0000000089a00000, 0x0000000089a00000|100%| E|CS|TS  0|AC  0|TAMS 0x0000000089900000, 0x0000000089900000|
| 124|0x0000000089a00000, 0x0000000089b00000, 0x0000000089b00000|100%| E|CS|TS  0|AC  0|TAMS 0x0000000089a00000, 0x0000000089a00000|
| 125|0x0000000089b00000, 0x0000000089c00000, 0x0000000089c00000|100%| E|CS|TS  0|AC  0|TAMS 0x0000000089b00000, 0x0000000089b00000|
| 126|0x0000000089c00000, 0x0000000089d00000, 0x0000000089d00000|100%| E|CS|TS  0|AC  0|TAMS 0x0000000089c00000, 0x0000000089c00000|
| 127|0x0000000089d00000, 0x0000000089e00000, 0x0000000089e00000|100%| E|CS|TS  0|AC  0|TAMS 0x0000000089d00000, 0x0000000089d00000|

Card table byte_map: [0x000002e6abbe0000,0x000002e6abfe0000] byte_map_base: 0x000002e6ab7d1000

Marking Bits (Prev, Next): (CMBitMap*) 0x000002e6914e9218, (CMBitMap*) 0x000002e6914e91e0
 Prev Bits: [0x000002e6ae370000, 0x000002e6b02f8000)
 Next Bits: [0x000002e6ac3e0000, 0x000002e6ae368000)

Polling page: 0x000002e68f290000

CodeHeap 'non-profiled nmethods': size=120064Kb used=908Kb max_used=908Kb free=119155Kb
 bounds [0x000002e6a42a0000, 0x000002e6a4510000, 0x000002e6ab7e0000]
CodeHeap 'profiled nmethods': size=120000Kb used=4584Kb max_used=4584Kb free=115415Kb
 bounds [0x000002e69cd70000, 0x000002e69d1f0000, 0x000002e6a42a0000]
CodeHeap 'non-nmethods': size=5696Kb used=1137Kb max_used=1170Kb free=4558Kb
 bounds [0x000002e69c7e0000, 0x000002e69ca50000, 0x000002e69cd70000]
 total_blobs=3091 nmethods=2152 adapters=377
 compilation: enabled

Compilation events (10 events):
Event: 2.694 Thread 0x000002e6b280b800 nmethod 2029 0x000002e69d1ad210 code [0x000002e69d1ad3e0, 0x000002e69d1ad6d8]
Event: 2.694 Thread 0x000002e6b280b800 2030       3       java.lang.invoke.ClassSpecializer$Factory$1Var::isInHeap (13 bytes)
Event: 2.694 Thread 0x000002e6b280b800 nmethod 2030 0x000002e69d1ad810 code [0x000002e69d1ad9c0, 0x000002e69d1adb78]
Event: 2.694 Thread 0x000002e6b280b800 2031       3       java.lang.invoke.ClassSpecializer$Factory$1Var::emitFieldInsn (18 bytes)
Event: 2.694 Thread 0x000002e6b280b800 nmethod 2031 0x000002e69d1adc10 code [0x000002e69d1adde0, 0x000002e69d1ae010]
Event: 2.695 Thread 0x000002e6b280b800 2033       3       java.lang.invoke.MemberName::<init> (25 bytes)
Event: 2.695 Thread 0x000002e6b280b800 nmethod 2033 0x000002e69d1ae110 code [0x000002e69d1ae300, 0x000002e69d1ae590]
Event: 2.695 Thread 0x000002e6b280b800 2034       3       java.lang.invoke.MethodHandles$Lookup::resolveOrFail (42 bytes)
Event: 2.695 Thread 0x000002e6b280b800 nmethod 2034 0x000002e69d1ae710 code [0x000002e69d1ae960, 0x000002e69d1af130]
Event: 2.695 Thread 0x000002e6b280b800 2036       3       jdk.internal.org.objectweb.asm.AnnotationWriter::put (109 bytes)

GC Heap History (8 events):
Event: 0.314 GC heap before
{Heap before GC invocations=0 (full 0):
 garbage-first heap   total 131072K, used 15360K [0x0000000081e00000, 0x0000000100000000)
  region size 1024K, 14 young (14336K), 0 survivors (0K)
 Metaspace       used 9341K, capacity 9500K, committed 9728K, reserved 1058816K
  class space    used 820K, capacity 900K, committed 1024K, reserved 1048576K
}
Event: 0.318 GC heap after
{Heap after GC invocations=1 (full 0):
 garbage-first heap   total 131072K, used 5786K [0x0000000081e00000, 0x0000000100000000)
  region size 1024K, 2 young (2048K), 2 survivors (2048K)
 Metaspace       used 9341K, capacity 9500K, committed 9728K, reserved 1058816K
  class space    used 820K, capacity 900K, committed 1024K, reserved 1048576K
}
Event: 0.761 GC heap before
{Heap before GC invocations=1 (full 0):
 garbage-first heap   total 131072K, used 11930K [0x0000000081e00000, 0x0000000100000000)
  region size 1024K, 8 young (8192K), 2 survivors (2048K)
 Metaspace       used 11415K, capacity 11588K, committed 11648K, reserved 1060864K
  class space    used 1045K, capacity 1105K, committed 1152K, reserved 1048576K
}
Event: 0.764 GC heap after
{Heap after GC invocations=2 (full 0):
 garbage-first heap   total 131072K, used 6563K [0x0000000081e00000, 0x0000000100000000)
  region size 1024K, 1 young (1024K), 1 survivors (1024K)
 Metaspace       used 11415K, capacity 11588K, committed 11648K, reserved 1060864K
  class space    used 1045K, capacity 1105K, committed 1152K, reserved 1048576K
}
Event: 1.402 GC heap before
{Heap before GC invocations=2 (full 0):
 garbage-first heap   total 131072K, used 29091K [0x0000000081e00000, 0x0000000100000000)
  region size 1024K, 23 young (23552K), 1 survivors (1024K)
 Metaspace       used 15891K, capacity 16192K, committed 16256K, reserved 1064960K
  class space    used 1558K, capacity 1662K, committed 1664K, reserved 1048576K
}
Event: 1.406 GC heap after
{Heap after GC invocations=3 (full 0):
 garbage-first heap   total 131072K, used 7479K [0x0000000081e00000, 0x0000000100000000)
  region size 1024K, 2 young (2048K), 2 survivors (2048K)
 Metaspace       used 15891K, capacity 16192K, committed 16256K, reserved 1064960K
  class space    used 1558K, capacity 1662K, committed 1664K, reserved 1048576K
}
Event: 2.089 GC heap before
{Heap before GC invocations=3 (full 0):
 garbage-first heap   total 131072K, used 33079K [0x0000000081e00000, 0x0000000100000000)
  region size 1024K, 28 young (28672K), 2 survivors (2048K)
 Metaspace       used 20736K, capacity 21132K, committed 21296K, reserved 1069056K
  class space    used 2222K, capacity 2356K, committed 2432K, reserved 1048576K
}
Event: 2.094 GC heap after
{Heap after GC invocations=4 (full 0):
 garbage-first heap   total 131072K, used 8686K [0x0000000081e00000, 0x0000000100000000)
  region size 1024K, 3 young (3072K), 3 survivors (3072K)
 Metaspace       used 20736K, capacity 21132K, committed 21296K, reserved 1069056K
  class space    used 2222K, capacity 2356K, committed 2432K, reserved 1048576K
}

Deoptimization events (10 events):
Event: 2.023 Thread 0x000002e6b48fc800 Uncommon trap: reason=bimorphic_or_optimized_type_check action=maybe_recompile pc=0x000002e6a4314290 method=java.util.HashMap.putVal(ILjava/lang/Object;Ljava/lang/Object;ZZ)Ljava/lang/Object; @ 203 c2
Event: 2.427 Thread 0x000002e6b48fc800 Uncommon trap: reason=unstable_if action=reinterpret pc=0x000002e6a435bad8 method=jdk.internal.org.objectweb.asm.Type.getArgumentsAndReturnSizes(Ljava/lang/String;)I @ 47 c2
Event: 2.457 Thread 0x000002e6b48fc800 Uncommon trap: reason=unstable_if action=reinterpret pc=0x000002e6a4327aac method=java.util.Properties$LineReader.readLine()I @ 241 c2
Event: 2.458 Thread 0x000002e6b48fc800 Uncommon trap: reason=unstable_if action=reinterpret pc=0x000002e6a42fc1c8 method=java.util.Properties$LineReader.readLine()I @ 105 c2
Event: 2.458 Thread 0x000002e6b48fc800 Uncommon trap: reason=unstable_if action=reinterpret pc=0x000002e6a434aabc method=java.nio.Buffer.position(I)Ljava/nio/Buffer; @ 45 c2
Event: 2.556 Thread 0x000002e6b48fc800 Uncommon trap: reason=unstable_if action=reinterpret pc=0x000002e6a4368844 method=com.sun.org.apache.xerces.internal.impl.XMLEntityScanner.scanLiteral(ILcom/sun/org/apache/xerces/internal/xni/XMLString;Z)I @ 570 c2
Event: 2.570 Thread 0x000002e6b48fc800 Uncommon trap: reason=unstable_if action=reinterpret pc=0x000002e6a4367314 method=com.sun.org.apache.xerces.internal.impl.XMLEntityScanner.checkBeforeLoad(Lcom/sun/xml/internal/stream/Entity$ScannedEntity;II)I @ 18 c2
Event: 2.595 Thread 0x000002e6b48fc800 Uncommon trap: reason=unstable_if action=reinterpret pc=0x000002e6a436b044 method=com.sun.org.apache.xerces.internal.impl.XMLEntityScanner.skipSpaces()Z @ 125 c2
Event: 2.641 Thread 0x000002e6b48fc800 Uncommon trap: reason=unstable_if action=reinterpret pc=0x000002e6a436f5ec method=com.sun.org.apache.xerces.internal.util.SymbolTable.addSymbol([CII)Ljava/lang/String; @ 38 c2
Event: 2.676 Thread 0x000002e6b48fc800 Uncommon trap: reason=unstable_if action=reinterpret pc=0x000002e6a435c544 method=java.lang.StringLatin1.compareToCI([B[B)I @ 31 c2

Classes redefined (0 events):
No events

Internal exceptions (10 events):
Event: 2.427 Thread 0x000002e6b48fc800 Exception <a 'java/lang/NoSuchMethodError'{0x0000000088e44a48}: java.lang.invoke.DirectMethodHandle$Holder.invokeSpecial(Ljava/lang/Object;Ljava/lang/Object;)J> (0x0000000088e44a48) thrown at [t:/workspace/open/src/hotspot/share/interpreter/linkResolver.c
Event: 2.429 Thread 0x000002e6b48fc800 Exception <a 'java/lang/NoSuchMethodError'{0x0000000088e4f5d8}: java.lang.invoke.DirectMethodHandle$Holder.invokeStatic(Ljava/lang/Object;Ljava/lang/Object;)J> (0x0000000088e4f5d8) thrown at [t:/workspace/open/src/hotspot/share/interpreter/linkResolver.cp
Event: 2.430 Thread 0x000002e6b48fc800 Exception <a 'java/lang/NoSuchMethodError'{0x0000000088e52458}: java.lang.invoke.DirectMethodHandle$Holder.invokeStaticInit(Ljava/lang/Object;Ljava/lang/Object;)J> (0x0000000088e52458) thrown at [t:/workspace/open/src/hotspot/share/interpreter/linkResolve
Event: 2.432 Thread 0x000002e6b48fc800 Exception <a 'java/lang/NoSuchMethodError'{0x0000000088e5ed58}: java.lang.invoke.DirectMethodHandle$Holder.invokeInterface(Ljava/lang/Object;Ljava/lang/Object;)J> (0x0000000088e5ed58) thrown at [t:/workspace/open/src/hotspot/share/interpreter/linkResolver
Event: 2.432 Thread 0x000002e6b48fc800 Exception <a 'java/lang/IncompatibleClassChangeError'{0x0000000088e61cc0}: Found class java.lang.Object, but interface was expected> (0x0000000088e61cc0) thrown at [t:/workspace/open/src/hotspot/share/interpreter/linkResolver.cpp, line 807]
Event: 2.441 Thread 0x000002e6b48fc800 Exception <a 'java/lang/NoSuchMethodError'{0x0000000088d52ab0}: java.lang.invoke.DirectMethodHandle$Holder.invokeVirtual(Ljava/lang/Object;Ljava/lang/Object;Ljava/lang/Object;Ljava/lang/Object;)Ljava/lang/Object;> (0x0000000088d52ab0) thrown at [t:/worksp
Event: 2.458 Thread 0x000002e6b48fc800 Implicit null exception at 0x000002e6a42fb487 to 0x000002e6a42fc146
Event: 2.662 Thread 0x000002e6b48fc800 Exception <a 'java/lang/IncompatibleClassChangeError'{0x000000008865cb20}: Found class java.lang.Object, but interface was expected> (0x000000008865cb20) thrown at [t:/workspace/open/src/hotspot/share/interpreter/linkResolver.cpp, line 807]
Event: 2.692 Thread 0x000002e6b48fc800 Exception <a 'java/lang/NoSuchMethodError'{0x000000008852fe48}: java.lang.invoke.DirectMethodHandle$Holder.invokeStatic(Ljava/lang/Object;Ljava/lang/Object;Ljava/lang/Object;Ljava/lang/Object;Ljava/lang/Object;Ljava/lang/Object;Ljava/lang/Object;Ljava/lan
Event: 2.694 Thread 0x000002e6b48fc800 Exception <a 'java/lang/NoSuchMethodError'{0x0000000088550760}: java.lang.invoke.DirectMethodHandle$Holder.invokeStatic(Ljava/lang/Object;Ljava/lang/Object;Ljava/lang/Object;Ljava/lang/Object;Ljava/lang/Object;Ljava/lang/Object;Ljava/lang/Object;Ljava/lan

Events (10 events):
Event: 2.685 loading class java/lang/management/LockInfo
Event: 2.685 loading class java/lang/management/LockInfo done
Event: 2.685 loading class java/lang/management/MonitorInfo
Event: 2.685 loading class java/lang/management/MonitorInfo done
Event: 2.689 loading class java/lang/invoke/BoundMethodHandle$Species_LLLLLLLLI
Event: 2.689 loading class java/lang/invoke/BoundMethodHandle$Species_LLLLLLLLI done
Event: 2.693 loading class java/lang/invoke/BoundMethodHandle$Species_LLLLLLLLII
Event: 2.693 loading class java/lang/invoke/BoundMethodHandle$Species_LLLLLLLLII done
Event: 2.695 loading class java/lang/invoke/BoundMethodHandle$Species_LLLLLLLLIIL
Event: 2.695 loading class java/lang/invoke/BoundMethodHandle$Species_LLLLLLLLIIL done


Dynamic libraries:
0x00007ff653660000 - 0x00007ff65369e000 	C:\Program Files\Java\jdk-10.0.2\bin\java.exe
0x00007ffbc66c0000 - 0x00007ffbc68a1000 	C:\WINDOWS\SYSTEM32\ntdll.dll
0x00007ffbc3d60000 - 0x00007ffbc3e11000 	C:\WINDOWS\System32\KERNEL32.DLL
0x00007ffbc2e80000 - 0x00007ffbc30f3000 	C:\WINDOWS\System32\KERNELBASE.dll
0x00007ffbc3b50000 - 0x00007ffbc3bf1000 	C:\WINDOWS\System32\ADVAPI32.dll
0x00007ffbc4ce0000 - 0x00007ffbc4d7e000 	C:\WINDOWS\System32\msvcrt.dll
0x00007ffbc4da0000 - 0x00007ffbc4dfb000 	C:\WINDOWS\System32\sechost.dll
0x00007ffbc4080000 - 0x00007ffbc41a4000 	C:\WINDOWS\System32\RPCRT4.dll
0x00007ffbc4b50000 - 0x00007ffbc4ce0000 	C:\WINDOWS\System32\USER32.dll
0x00007ffbc3940000 - 0x00007ffbc3960000 	C:\WINDOWS\System32\win32u.dll
0x00007ffbc6660000 - 0x00007ffbc6688000 	C:\WINDOWS\System32\GDI32.dll
0x00007ffbc2be0000 - 0x00007ffbc2d72000 	C:\WINDOWS\System32\gdi32full.dll
0x00007ffbc2a90000 - 0x00007ffbc2b2f000 	C:\WINDOWS\System32\msvcp_win.dll
0x00007ffbc2d80000 - 0x00007ffbc2e78000 	C:\WINDOWS\System32\ucrtbase.dll
0x00007ffbaab90000 - 0x00007ffbaadf9000 	C:\WINDOWS\WinSxS\amd64_microsoft.windows.common-controls_6595b64144ccf1df_6.0.17134.765_none_fb42a1a930655896\COMCTL32.dll
0x00007ffbc4760000 - 0x00007ffbc4a82000 	C:\WINDOWS\System32\combase.dll
0x00007ffbb0a90000 - 0x00007ffbb0a9a000 	C:\WINDOWS\SYSTEM32\VERSION.dll
0x00007ffbc3870000 - 0x00007ffbc38ea000 	C:\WINDOWS\System32\bcryptPrimitives.dll
0x00007ffbc4a90000 - 0x00007ffbc4abd000 	C:\WINDOWS\System32\IMM32.DLL
0x00007ffb95fb0000 - 0x00007ffb9609f000 	C:\Program Files\Java\jdk-10.0.2\bin\msvcr120.dll
0x00007ffb95900000 - 0x00007ffb959a6000 	C:\Program Files\Java\jdk-10.0.2\bin\msvcp120.dll
0x0000000077590000 - 0x0000000078000000 	C:\Program Files\Java\jdk-10.0.2\bin\server\jvm.dll
0x00007ffbc4ad0000 - 0x00007ffbc4ad8000 	C:\WINDOWS\System32\PSAPI.DLL
0x00007ffbaa5d0000 - 0x00007ffbaa5d9000 	C:\WINDOWS\SYSTEM32\WSOCK32.dll
0x00007ffbc05b0000 - 0x00007ffbc05d3000 	C:\WINDOWS\SYSTEM32\WINMM.dll
0x00007ffbc4ae0000 - 0x00007ffbc4b4c000 	C:\WINDOWS\System32\WS2_32.dll
0x00007ffbc0580000 - 0x00007ffbc05aa000 	C:\WINDOWS\SYSTEM32\WINMMBASE.dll
0x00007ffbc38f0000 - 0x00007ffbc3939000 	C:\WINDOWS\System32\cfgmgr32.dll
0x00007ffbbf0b0000 - 0x00007ffbbf0bf000 	C:\Program Files\Java\jdk-10.0.2\bin\verify.dll
0x00007ffbc17a0000 - 0x00007ffbc1969000 	C:\WINDOWS\SYSTEM32\DBGHELP.DLL
0x00007ffbab2e0000 - 0x00007ffbab309000 	C:\WINDOWS\SYSTEM32\dbgcore.DLL
0x00007ffba6e50000 - 0x00007ffba6e77000 	C:\Program Files\Java\jdk-10.0.2\bin\java.dll
0x00007ffbb8870000 - 0x00007ffbb8886000 	C:\Program Files\Java\jdk-10.0.2\bin\zip.dll
0x00007ffbbf000000 - 0x00007ffbbf00a000 	C:\Program Files\Java\jdk-10.0.2\bin\jimage.dll
0x00007ffbc4fd0000 - 0x00007ffbc6410000 	C:\WINDOWS\System32\SHELL32.dll
0x00007ffbc6410000 - 0x00007ffbc64b9000 	C:\WINDOWS\System32\shcore.dll
0x00007ffbc3160000 - 0x00007ffbc386d000 	C:\WINDOWS\System32\windows.storage.dll
0x00007ffbc3cf0000 - 0x00007ffbc3d41000 	C:\WINDOWS\System32\shlwapi.dll
0x00007ffbc2a30000 - 0x00007ffbc2a41000 	C:\WINDOWS\System32\kernel.appcore.dll
0x00007ffbc2a70000 - 0x00007ffbc2a8f000 	C:\WINDOWS\System32\profapi.dll
0x00007ffbc29e0000 - 0x00007ffbc2a2c000 	C:\WINDOWS\System32\powrprof.dll
0x00007ffbc29d0000 - 0x00007ffbc29da000 	C:\WINDOWS\System32\FLTLIB.DLL
0x00007ffbad720000 - 0x00007ffbad73a000 	C:\Program Files\Java\jdk-10.0.2\bin\net.dll
0x00007ffbbdde0000 - 0x00007ffbbdebd000 	C:\WINDOWS\SYSTEM32\WINHTTP.dll
0x00007ffbc2200000 - 0x00007ffbc2266000 	C:\WINDOWS\system32\mswsock.dll
0x00007ffba84a0000 - 0x00007ffba84b1000 	C:\Program Files\Java\jdk-10.0.2\bin\nio.dll
0x00007ffbbf0c0000 - 0x00007ffbbf0c9000 	C:\Program Files\Java\jdk-10.0.2\bin\management.dll
0x00007ffbbd520000 - 0x00007ffbbd52a000 	C:\Program Files\Java\jdk-10.0.2\bin\management_ext.dll
0x00007ffbc1f90000 - 0x00007ffbc1fc8000 	C:\WINDOWS\SYSTEM32\IPHLPAPI.DLL
0x00007ffbc3d50000 - 0x00007ffbc3d58000 	C:\WINDOWS\System32\NSI.dll
0x00007ffbbd370000 - 0x00007ffbbd386000 	C:\WINDOWS\SYSTEM32\dhcpcsvc6.DLL
0x00007ffbbd350000 - 0x00007ffbbd36a000 	C:\WINDOWS\SYSTEM32\dhcpcsvc.DLL
0x00007ffbc1fd0000 - 0x00007ffbc208e000 	C:\WINDOWS\SYSTEM32\DNSAPI.dll

dbghelp: loaded successfully - version: 4.0.5 - missing functions: none
symbol engine: initialized successfully - sym options: 0x614 - pdb path: .;C:\Program Files\Java\jdk-10.0.2\bin;C:\WINDOWS\SYSTEM32;C:\WINDOWS\WinSxS\amd64_microsoft.windows.common-controls_6595b64144ccf1df_6.0.17134.765_none_fb42a1a930655896;C:\Program Files\Java\jdk-10.0.2\bin\server

VM Arguments:
java_command: C:\Users\lrabo\AppData\Local\Temp\surefire920838289309884317\surefirebooter6010552400010189055.jar C:\Users\lrabo\AppData\Local\Temp\surefire920838289309884317 2019-05-19T23-07-54_190-jvmRun1 surefire16840845944215744452tmp surefire_06432339626487980689tmp
java_class_path (initial): C:\Users\lrabo\AppData\Local\Temp\surefire920838289309884317\surefirebooter6010552400010189055.jar
Launcher Type: SUN_STANDARD

Logging:
Log output configuration:
#0: stdout all=warning uptime,level,tags
#1: stderr all=off uptime,level,tags

Environment Variables:
JAVA_HOME=C:\Program Files\Java\jdk-10.0.2
CLASSPATH=.;
PATH=C:\ProgramData\DockerDesktop\version-bin;C:\Program Files\Docker\Docker\Resources\bin;C:\Windows\system32;C:\Windows;C:\Windows\System32\Wbem;C:\Windows\System32\WindowsPowerShell\v1.0\;C:\Program Files (x86)\NVIDIA Corporation\PhysX\Common;C:\WINDOWS\system32;C:\WINDOWS;C:\WINDOWS\System32\Wbem;C:\WINDOWS\System32\WindowsPowerShell\v1.0\;C:\Program Files\dotnet\;C:\WINDOWS\System32\OpenSSH\;P:\Program Files\nodejs\;C:\ProgramData\chocolatey\bin;C:\Program Files\Java\jdk-10.0.2\bin;C:\Users\lrabo\AppData\Local\Microsoft\WindowsApps;P:\Program Files\Microsoft VS Code\bin;C:\Users\lrabo\AppData\Roa;C:\Program Files\Java\jdk1.8.0_181\bin;P:\Program Files\Git\bin;P:\minishift;P:\Ruby25-x64\bin;F:\Code\Ruby\Tutorial Cucumber;P:\Program Files (x86)\Microsoft SQL Server\140\Tools\Binn\;C:\Program Files\Microsoft SQL Server\140\Tools\Binn\;P:\Program Files (x86)\Microsoft SQL Server\140\DTS\Binn\;C:\Program Files\Microsoft SQL Server\140\DTS\Binn\;C:\Program Files\Microsoft SQL Server\Client SDK\ODBC\130\Tools\Binn\;C:\Program Files\Microsoft SQL Server\130\Tools\Binn\;P:\Program Files (x86)\Microsoft SQL Server\150\DTS\Binn\;p:\Ruby25-x64\bin;C:\Users\lrabo\AppData\Local\Microsoft\WindowsApps;P:\Program Files\Microsoft VS Code\bin;C:\Users\lrabo\AppData\Roaming\npm;F:\Code\Ruby\Tutorial Cucumber;
USERNAME=lrabo
OS=Windows_NT
PROCESSOR_IDENTIFIER=Intel64 Family 6 Model 142 Stepping 9, GenuineIntel



---------------  S Y S T E M  ---------------

OS: Windows 10 , 64 bit Build 17134 (10.0.17134.753)

CPU:total 4 (initial active 4) (2 cores per cpu, 2 threads per core) family 6 model 142 stepping 9, cmov, cx8, fxsr, mmx, sse, sse2, sse3, ssse3, sse4.1, sse4.2, popcnt, avx, avx2, aes, clmul, erms, 3dnowpref, lzcnt, ht, tsc, tscinvbit, bmi1, bmi2, adx, fma

Memory: 4k page, physical 8260324k(1641224k free), swap 8260324k(675700k free)

vm_info: Java HotSpot(TM) 64-Bit Server VM (10.0.2+13) for windows-amd64 JRE (10.0.2+13), built on Jun 28 2018 01:57:56 by "mach5one" with MS VC++ 12.0 (VS2013)

END.
