#
# There is insufficient memory for the Java Runtime Environment to continue.
# Native memory allocation (malloc) failed to allocate 2097152 bytes for AllocateHeap
# Possible reasons:
#   The system is out of physical RAM or swap space
#   The process is running with CompressedOops enabled, and the Java Heap may be blocking the growth of the native heap
# Possible solutions:
#   Reduce memory load on the system
#   Increase physical memory or swap space
#   Check if swap backing store is full
#   Decrease Java heap size (-Xmx/-Xms)
#   Decrease number of Java threads
#   Decrease Java thread stack sizes (-Xss)
#   Set larger code cache with -XX:ReservedCodeCacheSize=
#   JVM is running with Unscaled Compressed Oops mode in which the Java heap is
#     placed in the first 4GB address space. The Java Heap base address is the
#     maximum limit for the native heap growth. Please use -XX:HeapBaseMinAddress
#     to set the Java Heap base and to place the Java Heap above 4GB virtual address.
# This output file may be truncated or incomplete.
#
#  Out of Memory Error (memory/allocation.inline.hpp:63), pid=14100, tid=15248
#
# JRE version: Java(TM) SE Runtime Environment (10.0.2+13) (build 10.0.2+13)
# Java VM: Java HotSpot(TM) 64-Bit Server VM (10.0.2+13, mixed mode, tiered, compressed oops, g1 gc, windows-amd64)
# No core dump will be written. Minidumps are not enabled by default on client versions of Windows
#

---------------  S U M M A R Y ------------

Command Line: --add-modules=ALL-SYSTEM --add-opens=java.base/java.util=ALL-UNNAMED --add-opens=java.base/java.lang=ALL-UNNAMED -Declipse.application=org.eclipse.jdt.ls.core.id1 -Dosgi.bundles.defaultStartLevel=4 -Declipse.product=org.eclipse.jdt.ls.core.product -Dfile.encoding=utf8 -Xverify:none -Xmx1G -XX:+UseG1GC -XX:+UseStringDeduplication C:\Users\lrabo\.vscode\extensions\redhat.java-0.40.0\server\plugins\org.eclipse.equinox.launcher_1.5.200.v20180922-1751.jar -configuration C:\Users\lrabo\.vscode\extensions\redhat.java-0.40.0\server\config_win -data c:\Users\lrabo\AppData\Roaming\Code\User\workspaceStorage\2003f26c0ec0f93f555685018e3b91b5\redhat.java\jdt_ws

Host: Intel(R) Core(TM) i7-7500U CPU @ 2.70GHz, 4 cores, 7G,  Windows 10 , 64 bit Build 17134 (10.0.17134.753)
Time: Sun May 19 23:08:02 2019 Hora oficial do Brasil elapsed time: 1723 seconds (0d 0h 28m 43s)

---------------  T H R E A D  ---------------

Current thread (0x00000126aa8c4800):  VMThread "VM Thread" [stack: 0x0000000bb6d00000,0x0000000bb6e00000] [id=15248]

Stack: [0x0000000bb6d00000,0x0000000bb6e00000]
[error occurred during error reporting (printing stack bounds), id 0xe0000001]

Native frames: (J=compiled Java code, j=interpreted, Vv=VM code, C=native code)
V  [jvm.dll+0x5a01a9]
V  [jvm.dll+0x6bcf31]
V  [jvm.dll+0x6be126]
V  [jvm.dll+0x6be715]
V  [jvm.dll+0x6be6cb]
V  [jvm.dll+0x59f993]
V  [jvm.dll+0x59fda8]
C  [ntdll.dll+0x9f7dd]
C  [ntdll.dll+0xd856]
C  [ntdll.dll+0x9e70e]
C  0x0000012696e10ead

VM_Operation (0x0000000bb82fef70): G1CollectFull, mode: safepoint, requested by thread 0x00000126ac991000


---------------  P R O C E S S  ---------------

Threads class SMR info:
_java_thread_list=0x00000126ae689b30, length=26, elements={
0x000001268ba81000, 0x00000126aa8c7000, 0x00000126aa8d2000, 0x00000126aa92c800,
0x00000126aa930800, 0x00000126aa933800, 0x00000126aa93c000, 0x00000126ab2a9000,
0x00000126ab2b2000, 0x00000126aa864800, 0x00000126ab669800, 0x00000126abda9800,
0x00000126abe58800, 0x00000126aba8b800, 0x00000126ac907000, 0x00000126ac6d7800,
0x00000126ad092800, 0x00000126ac991000, 0x00000126ac997000, 0x00000126bf37d800,
0x00000126bf37a000, 0x00000126bf37a800, 0x00000126ac991800, 0x00000126ae8c5800,
0x00000126ae8c0800, 0x00000126ae8c4800
}

Java Threads: ( => current thread )
  0x000001268ba81000 JavaThread "main" [_thread_blocked, id=14576, stack(0x0000000bb6000000,0x0000000bb6100000)]
  0x00000126aa8c7000 JavaThread "Reference Handler" daemon [_thread_blocked, id=19244, stack(0x0000000bb6e00000,0x0000000bb6f00000)]
  0x00000126aa8d2000 JavaThread "Finalizer" daemon [_thread_blocked, id=22004, stack(0x0000000bb6f00000,0x0000000bb7000000)]
  0x00000126aa92c800 JavaThread "Signal Dispatcher" daemon [_thread_blocked, id=10332, stack(0x0000000bb7000000,0x0000000bb7100000)]
  0x00000126aa930800 JavaThread "Attach Listener" daemon [_thread_blocked, id=8632, stack(0x0000000bb7100000,0x0000000bb7200000)]
  0x00000126aa933800 JavaThread "C2 CompilerThread0" daemon [_thread_blocked, id=10448, stack(0x0000000bb7200000,0x0000000bb7300000)]
  0x00000126aa93c000 JavaThread "C2 CompilerThread1" daemon [_thread_blocked, id=14284, stack(0x0000000bb7300000,0x0000000bb7400000)]
  0x00000126ab2a9000 JavaThread "C1 CompilerThread2" daemon [_thread_blocked, id=19860, stack(0x0000000bb7400000,0x0000000bb7500000)]
  0x00000126ab2b2000 JavaThread "Sweeper thread" daemon [_thread_blocked, id=23336, stack(0x0000000bb7500000,0x0000000bb7600000)]
  0x00000126aa864800 JavaThread "Common-Cleaner" daemon [_thread_blocked, id=23524, stack(0x0000000bb7600000,0x0000000bb7700000)]
  0x00000126ab669800 JavaThread "Service Thread" daemon [_thread_blocked, id=6128, stack(0x0000000bb7700000,0x0000000bb7800000)]
  0x00000126abda9800 JavaThread "Active Thread: Equinox Container: e927aa98-3451-45d6-b37c-2712541e7af6" [_thread_blocked, id=7932, stack(0x0000000bb7900000,0x0000000bb7a00000)]
  0x00000126abe58800 JavaThread "Framework Event Dispatcher: Equinox Container: e927aa98-3451-45d6-b37c-2712541e7af6" daemon [_thread_blocked, id=4464, stack(0x0000000bb7a00000,0x0000000bb7b00000)]
  0x00000126aba8b800 JavaThread "Start Level: Equinox Container: e927aa98-3451-45d6-b37c-2712541e7af6" daemon [_thread_blocked, id=18912, stack(0x0000000bb7b00000,0x0000000bb7c00000)]
  0x00000126ac907000 JavaThread "Worker-JM" [_thread_blocked, id=13912, stack(0x0000000bb7c00000,0x0000000bb7d00000)]
  0x00000126ac6d7800 JavaThread "Java indexing" daemon [_thread_blocked, id=7744, stack(0x0000000bb7f00000,0x0000000bb8000000)]
  0x00000126ad092800 JavaThread "Bundle File Closer" daemon [_thread_blocked, id=9540, stack(0x0000000bb8100000,0x0000000bb8200000)]
  0x00000126ac991000 JavaThread "pool-2-thread-1" [_thread_blocked, id=10948, stack(0x0000000bb8200000,0x0000000bb8300000)]
  0x00000126ac997000 JavaThread "pool-1-thread-1" [_thread_in_native, id=15288, stack(0x0000000bb8300000,0x0000000bb8400000)]
  0x00000126bf37d800 JavaThread "Java Debug Server" daemon [_thread_in_native, id=20176, stack(0x0000000bb5f00000,0x0000000bb6000000)]
  0x00000126bf37a000 JavaThread "RxSchedulerPurge-1" daemon [_thread_blocked, id=18080, stack(0x0000000bb7e00000,0x0000000bb7f00000)]
  0x00000126bf37a800 JavaThread "RxCachedWorkerPoolEvictor-1" daemon [_thread_blocked, id=20096, stack(0x0000000bb8400000,0x0000000bb8500000)]
  0x00000126ac991800 JavaThread "Worker-11" [_thread_blocked, id=20148, stack(0x0000000bb5d00000,0x0000000bb5e00000)]
  0x00000126ae8c5800 JavaThread "Worker-12" [_thread_blocked, id=19080, stack(0x0000000bb8500000,0x0000000bb8600000)]
  0x00000126ae8c0800 JavaThread "ForkJoinPool.commonPool-worker-3" daemon [_thread_blocked, id=23316, stack(0x0000000bb5e00000,0x0000000bb5f00000)]
  0x00000126ae8c4800 JavaThread "ForkJoinPool.commonPool-worker-4" daemon [_thread_blocked, id=15696, stack(0x0000000bb7d00000,0x0000000bb7e00000)]

Other Threads:
=>0x00000126aa8c4800 VMThread "VM Thread" [stack: 0x0000000bb6d00000,0x0000000bb6e00000] [id=15248]
  0x00000126ab538800 WatcherThread [stack: 0x0000000bb7800000,0x0000000bb7900000] [id=22028]
  0x000001268ba9d800 GCTaskThread "GC Thread#0" [stack: 0x0000000bb6100000,0x0000000bb6200000] [id=11604]
  0x000001268ba9e800 GCTaskThread "GC Thread#1" [stack: 0x0000000bb6200000,0x0000000bb6300000] [id=19668]
  0x000001268baa0000 GCTaskThread "GC Thread#2" [stack: 0x0000000bb6300000,0x0000000bb6400000] [id=21232]
  0x000001268baa2800 GCTaskThread "GC Thread#3" [stack: 0x0000000bb6400000,0x0000000bb6500000] [id=17304]
  0x000001268badb000 ConcurrentGCThread "G1 Main Marker" [stack: 0x0000000bb6500000,0x0000000bb6600000] [id=19732]
  0x000001268bade000 ConcurrentGCThread "G1 Conc#0" [stack: 0x0000000bb6600000,0x0000000bb6700000] [id=4688]
  0x000001268bb50800 ConcurrentGCThread "G1 Refine#0" [stack: 0x0000000bb6700000,0x0000000bb6800000] [id=2500]
  0x00000126aa761000 ConcurrentGCThread "G1 Refine#1" [stack: 0x0000000bb6800000,0x0000000bb6900000] [id=8224]
  0x000001268bb51000 ConcurrentGCThread "G1 Refine#2" [stack: 0x0000000bb6900000,0x0000000bb6a00000] [id=10428]
  0x000001268bb53800 ConcurrentGCThread "G1 Refine#3" [stack: 0x0000000bb6a00000,0x0000000bb6b00000] [id=18276]
  0x000001268bb56800 ConcurrentGCThread "G1 Young RemSet Sampling" [stack: 0x0000000bb6b00000,0x0000000bb6c00000] [id=21528]
  0x000001268bb5c800 ConcurrentGCThread "G1 StrDedup" [stack: 0x0000000bb6c00000,0x0000000bb6d00000] [id=20488]

Threads with active compile tasks:

VM state:at safepoint (normal execution)

VM Mutex/Monitor currently owned by a thread:  ([mutex/lock_event])
[0x000001268ba7f5c0] Threads_lock - owner thread: 0x00000126aa8c4800
[0x000001268ba80850] Heap_lock - owner thread: 0x00000126ac991000

Heap address: 0x00000000c0000000, size: 1024 MB, Compressed Oops mode: 32-bit
Narrow klass base: 0x0000000000000000, Narrow klass shift: 3
Compressed class space size: 1073741824 Address: 0x0000000100000000

Heap:
 garbage-first heap   total 403456K, used 125267K [0x00000000c0000000, 0x0000000100000000)
  region size 1024K, 1 young (1024K), 0 survivors (0K)
 Metaspace       used 68409K, capacity 71177K, committed 71856K, reserved 1114112K
  class space    used 6239K, capacity 7213K, committed 7344K, reserved 1048576K
Heap Regions: E=young(eden), S=young(survivor), O=old, HS=humongous(starts), HC=humongous(continues), CS=collection set, F=free, A=archive, TS=gc time stamp, AC=allocation context, TAMS=top-at-mark-start (previous, next)
|   0|0x00000000c0000000, 0x00000000c00ffff8, 0x00000000c0100000| 99%| O|  |TS  0|AC  0|TAMS 0x00000000c0000000, 0x00000000c0000000|
|   1|0x00000000c0100000, 0x00000000c0200000, 0x00000000c0200000|100%| O|  |TS  0|AC  0|TAMS 0x00000000c0100000, 0x00000000c0100000|
|   2|0x00000000c0200000, 0x00000000c02ffff8, 0x00000000c0300000| 99%| O|  |TS  0|AC  0|TAMS 0x00000000c0200000, 0x00000000c0200000|
|   3|0x00000000c0300000, 0x00000000c03ffff8, 0x00000000c0400000| 99%| O|  |TS  0|AC  0|TAMS 0x00000000c0300000, 0x00000000c0300000|
|   4|0x00000000c0400000, 0x00000000c04ffff0, 0x00000000c0500000| 99%| O|  |TS  0|AC  0|TAMS 0x00000000c0400000, 0x00000000c0400000|
|   5|0x00000000c0500000, 0x00000000c0600000, 0x00000000c0600000|100%| O|  |TS  0|AC  0|TAMS 0x00000000c0500000, 0x00000000c0500000|
|   6|0x00000000c0600000, 0x00000000c06ffff8, 0x00000000c0700000| 99%| O|  |TS  0|AC  0|TAMS 0x00000000c0600000, 0x00000000c0600000|
|   7|0x00000000c0700000, 0x00000000c07fd0c8, 0x00000000c0800000| 98%| O|  |TS  0|AC  0|TAMS 0x00000000c0700000, 0x00000000c0700000|
|   8|0x00000000c0800000, 0x00000000c08ffff0, 0x00000000c0900000| 99%| O|  |TS  0|AC  0|TAMS 0x00000000c0800000, 0x00000000c0800000|
|   9|0x00000000c0900000, 0x00000000c0a00000, 0x00000000c0a00000|100%| O|  |TS  0|AC  0|TAMS 0x00000000c0900000, 0x00000000c0900000|
|  10|0x00000000c0a00000, 0x00000000c0affff8, 0x00000000c0b00000| 99%| O|  |TS  0|AC  0|TAMS 0x00000000c0a00000, 0x00000000c0a00000|
|  11|0x00000000c0b00000, 0x00000000c0bfffd8, 0x00000000c0c00000| 99%| O|  |TS  0|AC  0|TAMS 0x00000000c0b00000, 0x00000000c0b00000|
|  12|0x00000000c0c00000, 0x00000000c0cfffe8, 0x00000000c0d00000| 99%| O|  |TS  0|AC  0|TAMS 0x00000000c0c00000, 0x00000000c0c00000|
|  13|0x00000000c0d00000, 0x00000000c0e00000, 0x00000000c0e00000|100%| O|  |TS  0|AC  0|TAMS 0x00000000c0d00000, 0x00000000c0d00000|
|  14|0x00000000c0e00000, 0x00000000c0f00000, 0x00000000c0f00000|100%| O|  |TS  0|AC  0|TAMS 0x00000000c0e00000, 0x00000000c0e00000|
|  15|0x00000000c0f00000, 0x00000000c0fffff0, 0x00000000c1000000| 99%| O|  |TS  0|AC  0|TAMS 0x00000000c0f00000, 0x00000000c0f00000|
|  16|0x00000000c1000000, 0x00000000c10ffff8, 0x00000000c1100000| 99%| O|  |TS  0|AC  0|TAMS 0x00000000c1000000, 0x00000000c1000000|
|  17|0x00000000c1100000, 0x00000000c1200000, 0x00000000c1200000|100%| O|  |TS  0|AC  0|TAMS 0x00000000c1100000, 0x00000000c1100000|
|  18|0x00000000c1200000, 0x00000000c1300000, 0x00000000c1300000|100%| O|  |TS  0|AC  0|TAMS 0x00000000c1200000, 0x00000000c1200000|
|  19|0x00000000c1300000, 0x00000000c1400000, 0x00000000c1400000|100%| O|  |TS  0|AC  0|TAMS 0x00000000c1300000, 0x00000000c1300000|
|  20|0x00000000c1400000, 0x00000000c1500000, 0x00000000c1500000|100%| O|  |TS  0|AC  0|TAMS 0x00000000c1400000, 0x00000000c1400000|
|  21|0x00000000c1500000, 0x00000000c15fffe8, 0x00000000c1600000| 99%| O|  |TS  0|AC  0|TAMS 0x00000000c1500000, 0x00000000c1500000|
|  22|0x00000000c1600000, 0x00000000c16ffff0, 0x00000000c1700000| 99%| O|  |TS  0|AC  0|TAMS 0x00000000c1600000, 0x00000000c1600000|
|  23|0x00000000c1700000, 0x00000000c1800000, 0x00000000c1800000|100%|HS|  |TS  0|AC  0|TAMS 0x00000000c1700000, 0x00000000c1700000|
|  24|0x00000000c1800000, 0x00000000c18fffd0, 0x00000000c1900000| 99%| O|  |TS  0|AC  0|TAMS 0x00000000c1800000, 0x00000000c1800000|
|  25|0x00000000c1900000, 0x00000000c19fffb8, 0x00000000c1a00000| 99%| O|  |TS  0|AC  0|TAMS 0x00000000c1900000, 0x00000000c1900000|
|  26|0x00000000c1a00000, 0x00000000c1affff8, 0x00000000c1b00000| 99%| O|  |TS  0|AC  0|TAMS 0x00000000c1a00000, 0x00000000c1a00000|
|  27|0x00000000c1b00000, 0x00000000c1bffff8, 0x00000000c1c00000| 99%| O|  |TS  0|AC  0|TAMS 0x00000000c1b00000, 0x00000000c1b00000|
|  28|0x00000000c1c00000, 0x00000000c1d00000, 0x00000000c1d00000|100%| O|  |TS  0|AC  0|TAMS 0x00000000c1c00000, 0x00000000c1c00000|
|  29|0x00000000c1d00000, 0x00000000c1dfffe0, 0x00000000c1e00000| 99%| O|  |TS  0|AC  0|TAMS 0x00000000c1d00000, 0x00000000c1d00000|
|  30|0x00000000c1e00000, 0x00000000c1efffe0, 0x00000000c1f00000| 99%| O|  |TS  0|AC  0|TAMS 0x00000000c1e00000, 0x00000000c1e00000|
|  31|0x00000000c1f00000, 0x00000000c2000000, 0x00000000c2000000|100%| O|  |TS  0|AC  0|TAMS 0x00000000c1f00000, 0x00000000c1f00000|
|  32|0x00000000c2000000, 0x00000000c2100000, 0x00000000c2100000|100%| O|  |TS  0|AC  0|TAMS 0x00000000c2000000, 0x00000000c2000000|
|  33|0x00000000c2100000, 0x00000000c2200000, 0x00000000c2200000|100%| O|  |TS  0|AC  0|TAMS 0x00000000c2100000, 0x00000000c2100000|
|  34|0x00000000c2200000, 0x00000000c22ffff0, 0x00000000c2300000| 99%| O|  |TS  0|AC  0|TAMS 0x00000000c2200000, 0x00000000c2200000|
|  35|0x00000000c2300000, 0x00000000c23fffe8, 0x00000000c2400000| 99%| O|  |TS  0|AC  0|TAMS 0x00000000c2300000, 0x00000000c2300000|
|  36|0x00000000c2400000, 0x00000000c24fffe0, 0x00000000c2500000| 99%| O|  |TS  0|AC  0|TAMS 0x00000000c2400000, 0x00000000c2400000|
|  37|0x00000000c2500000, 0x00000000c25fffd0, 0x00000000c2600000| 99%| O|  |TS  0|AC  0|TAMS 0x00000000c2500000, 0x00000000c2500000|
|  38|0x00000000c2600000, 0x00000000c26ffd38, 0x00000000c2700000| 99%| O|  |TS  0|AC  0|TAMS 0x00000000c2600000, 0x00000000c2600000|
|  39|0x00000000c2700000, 0x00000000c2800000, 0x00000000c2800000|100%| O|  |TS  0|AC  0|TAMS 0x00000000c2700000, 0x00000000c2700000|
|  40|0x00000000c2800000, 0x00000000c28ffff0, 0x00000000c2900000| 99%| O|  |TS  0|AC  0|TAMS 0x00000000c2800000, 0x00000000c2800000|
|  41|0x00000000c2900000, 0x00000000c2a00000, 0x00000000c2a00000|100%| O|  |TS  0|AC  0|TAMS 0x00000000c2900000, 0x00000000c2900000|
|  42|0x00000000c2a00000, 0x00000000c2affff8, 0x00000000c2b00000| 99%| O|  |TS  0|AC  0|TAMS 0x00000000c2a00000, 0x00000000c2a00000|
|  43|0x00000000c2b00000, 0x00000000c2bffff0, 0x00000000c2c00000| 99%| O|  |TS  0|AC  0|TAMS 0x00000000c2b00000, 0x00000000c2b00000|
|  44|0x00000000c2c00000, 0x00000000c2d00000, 0x00000000c2d00000|100%| O|  |TS  0|AC  0|TAMS 0x00000000c2c00000, 0x00000000c2c00000|
|  45|0x00000000c2d00000, 0x00000000c2dffff0, 0x00000000c2e00000| 99%| O|  |TS  0|AC  0|TAMS 0x00000000c2d00000, 0x00000000c2d00000|
|  46|0x00000000c2e00000, 0x00000000c2effff8, 0x00000000c2f00000| 99%| O|  |TS  0|AC  0|TAMS 0x00000000c2e00000, 0x00000000c2e00000|
|  47|0x00000000c2f00000, 0x00000000c2fffff0, 0x00000000c3000000| 99%| O|  |TS  0|AC  0|TAMS 0x00000000c2f00000, 0x00000000c2f00000|
|  48|0x00000000c3000000, 0x00000000c30ffff8, 0x00000000c3100000| 99%| O|  |TS  0|AC  0|TAMS 0x00000000c3000000, 0x00000000c3000000|
|  49|0x00000000c3100000, 0x00000000c31ffff0, 0x00000000c3200000| 99%| O|  |TS  0|AC  0|TAMS 0x00000000c3100000, 0x00000000c3100000|
|  50|0x00000000c3200000, 0x00000000c32ffff8, 0x00000000c3300000| 99%| O|  |TS  0|AC  0|TAMS 0x00000000c3200000, 0x00000000c3200000|
|  51|0x00000000c3300000, 0x00000000c3400000, 0x00000000c3400000|100%| O|  |TS  0|AC  0|TAMS 0x00000000c3300000, 0x00000000c3300000|
|  52|0x00000000c3400000, 0x00000000c34ffff8, 0x00000000c3500000| 99%| O|  |TS  0|AC  0|TAMS 0x00000000c3400000, 0x00000000c3400000|
|  53|0x00000000c3500000, 0x00000000c3600000, 0x00000000c3600000|100%| O|  |TS  0|AC  0|TAMS 0x00000000c3500000, 0x00000000c3500000|
|  54|0x00000000c3600000, 0x00000000c3700000, 0x00000000c3700000|100%| O|  |TS  0|AC  0|TAMS 0x00000000c3600000, 0x00000000c3600000|
|  55|0x00000000c3700000, 0x00000000c3800000, 0x00000000c3800000|100%| O|  |TS  0|AC  0|TAMS 0x00000000c3700000, 0x00000000c3700000|
|  56|0x00000000c3800000, 0x00000000c38ffff8, 0x00000000c3900000| 99%| O|  |TS  0|AC  0|TAMS 0x00000000c3800000, 0x00000000c3800000|
|  57|0x00000000c3900000, 0x00000000c39ffff0, 0x00000000c3a00000| 99%| O|  |TS  0|AC  0|TAMS 0x00000000c3900000, 0x00000000c3900000|
|  58|0x00000000c3a00000, 0x00000000c3affff0, 0x00000000c3b00000| 99%| O|  |TS  0|AC  0|TAMS 0x00000000c3a00000, 0x00000000c3a00000|
|  59|0x00000000c3b00000, 0x00000000c3bffff0, 0x00000000c3c00000| 99%| O|  |TS  0|AC  0|TAMS 0x00000000c3b00000, 0x00000000c3b00000|
|  60|0x00000000c3c00000, 0x00000000c3cfffe0, 0x00000000c3d00000| 99%| O|  |TS  0|AC  0|TAMS 0x00000000c3c00000, 0x00000000c3c00000|
|  61|0x00000000c3d00000, 0x00000000c3e00000, 0x00000000c3e00000|100%| O|  |TS  0|AC  0|TAMS 0x00000000c3d00000, 0x00000000c3d00000|
|  62|0x00000000c3e00000, 0x00000000c3efff70, 0x00000000c3f00000| 99%| O|  |TS  0|AC  0|TAMS 0x00000000c3e00000, 0x00000000c3e00000|
|  63|0x00000000c3f00000, 0x00000000c3fffff0, 0x00000000c4000000| 99%| O|  |TS  0|AC  0|TAMS 0x00000000c3f00000, 0x00000000c3f00000|
|  64|0x00000000c4000000, 0x00000000c40ffff0, 0x00000000c4100000| 99%| O|  |TS  0|AC  0|TAMS 0x00000000c4000000, 0x00000000c4000000|
|  65|0x00000000c4100000, 0x00000000c4200000, 0x00000000c4200000|100%|HS|  |TS  0|AC  0|TAMS 0x00000000c4100000, 0x00000000c4100000|
|  66|0x00000000c4200000, 0x00000000c4300000, 0x00000000c4300000|100%| O|  |TS  0|AC  0|TAMS 0x00000000c4200000, 0x00000000c4200000|
|  67|0x00000000c4300000, 0x00000000c43ffff8, 0x00000000c4400000| 99%| O|  |TS  0|AC  0|TAMS 0x00000000c4300000, 0x00000000c4300000|
|  68|0x00000000c4400000, 0x00000000c44ffff0, 0x00000000c4500000| 99%| O|  |TS  0|AC  0|TAMS 0x00000000c4400000, 0x00000000c4400000|
|  69|0x00000000c4500000, 0x00000000c45ffff8, 0x00000000c4600000| 99%| O|  |TS  0|AC  0|TAMS 0x00000000c4500000, 0x00000000c4500000|
|  70|0x00000000c4600000, 0x00000000c46ffff8, 0x00000000c4700000| 99%| O|  |TS  0|AC  0|TAMS 0x00000000c4600000, 0x00000000c4600000|
|  71|0x00000000c4700000, 0x00000000c47fffe0, 0x00000000c4800000| 99%| O|  |TS  0|AC  0|TAMS 0x00000000c4700000, 0x00000000c4700000|
|  72|0x00000000c4800000, 0x00000000c48fffd8, 0x00000000c4900000| 99%| O|  |TS  0|AC  0|TAMS 0x00000000c4800000, 0x00000000c4800000|
|  73|0x00000000c4900000, 0x00000000c4a00000, 0x00000000c4a00000|100%| O|  |TS  0|AC  0|TAMS 0x00000000c4900000, 0x00000000c4900000|
|  74|0x00000000c4a00000, 0x00000000c4b00000, 0x00000000c4b00000|100%| O|  |TS  0|AC  0|TAMS 0x00000000c4a00000, 0x00000000c4a00000|
|  75|0x00000000c4b00000, 0x00000000c4bfffe0, 0x00000000c4c00000| 99%| O|  |TS  0|AC  0|TAMS 0x00000000c4b00000, 0x00000000c4b00000|
|  76|0x00000000c4c00000, 0x00000000c4cfffe0, 0x00000000c4d00000| 99%| O|  |TS  0|AC  0|TAMS 0x00000000c4c00000, 0x00000000c4c00000|
|  77|0x00000000c4d00000, 0x00000000c4dffff0, 0x00000000c4e00000| 99%| O|  |TS  0|AC  0|TAMS 0x00000000c4d00000, 0x00000000c4d00000|
|  78|0x00000000c4e00000, 0x00000000c4effff0, 0x00000000c4f00000| 99%| O|  |TS  0|AC  0|TAMS 0x00000000c4e00000, 0x00000000c4e00000|
|  79|0x00000000c4f00000, 0x00000000c4ffffd8, 0x00000000c5000000| 99%| O|  |TS  0|AC  0|TAMS 0x00000000c4f00000, 0x00000000c4f00000|
|  80|0x00000000c5000000, 0x00000000c5100000, 0x00000000c5100000|100%|HS|  |TS  0|AC  0|TAMS 0x00000000c5000000, 0x00000000c5000000|
|  81|0x00000000c5100000, 0x00000000c51ffff8, 0x00000000c5200000| 99%| O|  |TS  0|AC  0|TAMS 0x00000000c5100000, 0x00000000c5100000|
|  82|0x00000000c5200000, 0x00000000c52ff868, 0x00000000c5300000| 99%| O|  |TS  0|AC  0|TAMS 0x00000000c5200000, 0x00000000c5200000|
|  83|0x00000000c5300000, 0x00000000c5400000, 0x00000000c5400000|100%| O|  |TS  0|AC  0|TAMS 0x00000000c5300000, 0x00000000c5300000|
|  84|0x00000000c5400000, 0x00000000c5500000, 0x00000000c5500000|100%| O|  |TS  0|AC  0|TAMS 0x00000000c5400000, 0x00000000c5400000|
|  85|0x00000000c5500000, 0x00000000c55ffff0, 0x00000000c5600000| 99%| O|  |TS  0|AC  0|TAMS 0x00000000c5500000, 0x00000000c5500000|
|  86|0x00000000c5600000, 0x00000000c5700000, 0x00000000c5700000|100%| O|  |TS  0|AC  0|TAMS 0x00000000c5600000, 0x00000000c5600000|
|  87|0x00000000c5700000, 0x00000000c57ffff0, 0x00000000c5800000| 99%| O|  |TS  0|AC  0|TAMS 0x00000000c5700000, 0x00000000c5700000|
|  88|0x00000000c5800000, 0x00000000c58ffff0, 0x00000000c5900000| 99%| O|  |TS  0|AC  0|TAMS 0x00000000c5800000, 0x00000000c5800000|
|  89|0x00000000c5900000, 0x00000000c59fffd8, 0x00000000c5a00000| 99%| O|  |TS  0|AC  0|TAMS 0x00000000c5900000, 0x00000000c5900000|
|  90|0x00000000c5a00000, 0x00000000c5b00000, 0x00000000c5b00000|100%| O|  |TS  0|AC  0|TAMS 0x00000000c5a00000, 0x00000000c5a00000|
|  91|0x00000000c5b00000, 0x00000000c5bffff0, 0x00000000c5c00000| 99%| O|  |TS  0|AC  0|TAMS 0x00000000c5b00000, 0x00000000c5b00000|
|  92|0x00000000c5c00000, 0x00000000c5cffff8, 0x00000000c5d00000| 99%| O|  |TS  0|AC  0|TAMS 0x00000000c5c00000, 0x00000000c5c00000|
|  93|0x00000000c5d00000, 0x00000000c5dffff0, 0x00000000c5e00000| 99%| O|  |TS  0|AC  0|TAMS 0x00000000c5d00000, 0x00000000c5d00000|
|  94|0x00000000c5e00000, 0x00000000c5effff0, 0x00000000c5f00000| 99%| O|  |TS  0|AC  0|TAMS 0x00000000c5e00000, 0x00000000c5e00000|
|  95|0x00000000c5f00000, 0x00000000c5fffff8, 0x00000000c6000000| 99%| O|  |TS  0|AC  0|TAMS 0x00000000c5f00000, 0x00000000c5f00000|
|  96|0x00000000c6000000, 0x00000000c6100000, 0x00000000c6100000|100%| O|  |TS  0|AC  0|TAMS 0x00000000c6000000, 0x00000000c6000000|
|  97|0x00000000c6100000, 0x00000000c6200000, 0x00000000c6200000|100%| O|  |TS  0|AC  0|TAMS 0x00000000c6100000, 0x00000000c6100000|
|  98|0x00000000c6200000, 0x00000000c62ffff8, 0x00000000c6300000| 99%| O|  |TS  0|AC  0|TAMS 0x00000000c6200000, 0x00000000c6200000|
|  99|0x00000000c6300000, 0x00000000c63ffff8, 0x00000000c6400000| 99%| O|  |TS  0|AC  0|TAMS 0x00000000c6300000, 0x00000000c6300000|
| 100|0x00000000c6400000, 0x00000000c64ffff0, 0x00000000c6500000| 99%| O|  |TS  0|AC  0|TAMS 0x00000000c6400000, 0x00000000c6400000|
| 101|0x00000000c6500000, 0x00000000c65ffed0, 0x00000000c6600000| 99%| O|  |TS  0|AC  0|TAMS 0x00000000c6500000, 0x00000000c6500000|
| 102|0x00000000c6600000, 0x00000000c66ffff8, 0x00000000c6700000| 99%| O|  |TS  0|AC  0|TAMS 0x00000000c6600000, 0x00000000c6600000|
| 103|0x00000000c6700000, 0x00000000c67ffff8, 0x00000000c6800000| 99%| O|  |TS  0|AC  0|TAMS 0x00000000c6700000, 0x00000000c6700000|
| 104|0x00000000c6800000, 0x00000000c6900000, 0x00000000c6900000|100%| O|  |TS  0|AC  0|TAMS 0x00000000c6800000, 0x00000000c6800000|
| 105|0x00000000c6900000, 0x00000000c69ffff8, 0x00000000c6a00000| 99%| O|  |TS  0|AC  0|TAMS 0x00000000c6900000, 0x00000000c6900000|
| 106|0x00000000c6a00000, 0x00000000c6affff0, 0x00000000c6b00000| 99%| O|  |TS  0|AC  0|TAMS 0x00000000c6a00000, 0x00000000c6a00000|
| 107|0x00000000c6b00000, 0x00000000c6bf7918, 0x00000000c6c00000| 96%| O|  |TS  0|AC  0|TAMS 0x00000000c6b00000, 0x00000000c6b00000|
| 108|0x00000000c6c00000, 0x00000000c6cfffd8, 0x00000000c6d00000| 99%| O|  |TS  0|AC  0|TAMS 0x00000000c6c00000, 0x00000000c6c00000|
| 109|0x00000000c6d00000, 0x00000000c6df7098, 0x00000000c6e00000| 96%| O|  |TS  0|AC  0|TAMS 0x00000000c6d00000, 0x00000000c6d00000|
| 110|0x00000000c6e00000, 0x00000000c6f00000, 0x00000000c6f00000|100%| O|  |TS  0|AC  0|TAMS 0x00000000c6e00000, 0x00000000c6e00000|
| 111|0x00000000c6f00000, 0x00000000c6fffff8, 0x00000000c7000000| 99%| O|  |TS  0|AC  0|TAMS 0x00000000c6f00000, 0x00000000c6f00000|
| 112|0x00000000c7000000, 0x00000000c70fb9e0, 0x00000000c7100000| 98%| O|  |TS  0|AC  0|TAMS 0x00000000c7000000, 0x00000000c7000000|
| 113|0x00000000c7100000, 0x00000000c71fd9b8, 0x00000000c7200000| 99%| O|  |TS  0|AC  0|TAMS 0x00000000c7100000, 0x00000000c7100000|
| 114|0x00000000c7200000, 0x00000000c72fffe0, 0x00000000c7300000| 99%| O|  |TS  0|AC  0|TAMS 0x00000000c7200000, 0x00000000c7200000|
| 115|0x00000000c7300000, 0x00000000c73ffff8, 0x00000000c7400000| 99%| O|  |TS  0|AC  0|TAMS 0x00000000c7300000, 0x00000000c7300000|
| 116|0x00000000c7400000, 0x00000000c74ffff8, 0x00000000c7500000| 99%| O|  |TS  0|AC  0|TAMS 0x00000000c7400000, 0x00000000c7400000|
| 117|0x00000000c7500000, 0x00000000c75ffff8, 0x00000000c7600000| 99%| O|  |TS  0|AC  0|TAMS 0x00000000c7500000, 0x00000000c7500000|
| 118|0x00000000c7600000, 0x00000000c7700000, 0x00000000c7700000|100%| O|  |TS  0|AC  0|TAMS 0x00000000c7600000, 0x00000000c7600000|
| 119|0x00000000c7700000, 0x00000000c77af000, 0x00000000c7800000| 68%| O|  |TS  0|AC  0|TAMS 0x00000000c7700000, 0x00000000c7700000|
| 120|0x00000000c7800000, 0x00000000c786cc08, 0x00000000c7900000| 42%| O|  |TS  0|AC  0|TAMS 0x00000000c7800000, 0x00000000c7800000|
| 121|0x00000000c7900000, 0x00000000c7900000, 0x00000000c7a00000|  0%| F|  |TS  0|AC  0|TAMS 0x00000000c7900000, 0x00000000c7900000|
| 122|0x00000000c7a00000, 0x00000000c7a00000, 0x00000000c7b00000|  0%| F|  |TS  0|AC  0|TAMS 0x00000000c7a00000, 0x00000000c7a00000|
| 123|0x00000000c7b00000, 0x00000000c7b00000, 0x00000000c7c00000|  0%| F|  |TS  0|AC  0|TAMS 0x00000000c7b00000, 0x00000000c7b00000|
| 124|0x00000000c7c00000, 0x00000000c7c00000, 0x00000000c7d00000|  0%| F|  |TS  0|AC  0|TAMS 0x00000000c7c00000, 0x00000000c7c00000|
| 125|0x00000000c7d00000, 0x00000000c7d00000, 0x00000000c7e00000|  0%| F|  |TS  0|AC  0|TAMS 0x00000000c7d00000, 0x00000000c7d00000|
| 126|0x00000000c7e00000, 0x00000000c7e00000, 0x00000000c7f00000|  0%| F|  |TS  0|AC  0|TAMS 0x00000000c7e00000, 0x00000000c7e00000|
| 127|0x00000000c7f00000, 0x00000000c7f00000, 0x00000000c8000000|  0%| F|  |TS  0|AC  0|TAMS 0x00000000c7f00000, 0x00000000c7f00000|
| 128|0x00000000c8000000, 0x00000000c8000000, 0x00000000c8100000|  0%| F|  |TS  0|AC  0|TAMS 0x00000000c8000000, 0x00000000c8000000|
| 129|0x00000000c8100000, 0x00000000c8100000, 0x00000000c8200000|  0%| F|  |TS  0|AC  0|TAMS 0x00000000c8100000, 0x00000000c8100000|
| 130|0x00000000c8200000, 0x00000000c8200000, 0x00000000c8300000|  0%| F|  |TS  0|AC  0|TAMS 0x00000000c8200000, 0x00000000c8200000|
| 131|0x00000000c8300000, 0x00000000c8300000, 0x00000000c8400000|  0%| F|  |TS  0|AC  0|TAMS 0x00000000c8300000, 0x00000000c8300000|
| 132|0x00000000c8400000, 0x00000000c8400000, 0x00000000c8500000|  0%| F|  |TS  0|AC  0|TAMS 0x00000000c8400000, 0x00000000c8400000|
| 133|0x00000000c8500000, 0x00000000c8500000, 0x00000000c8600000|  0%| F|  |TS  0|AC  0|TAMS 0x00000000c8500000, 0x00000000c8500000|
| 134|0x00000000c8600000, 0x00000000c8600000, 0x00000000c8700000|  0%| F|  |TS  0|AC  0|TAMS 0x00000000c8600000, 0x00000000c8600000|
| 135|0x00000000c8700000, 0x00000000c8700000, 0x00000000c8800000|  0%| F|  |TS  0|AC  0|TAMS 0x00000000c8700000, 0x00000000c8700000|
| 136|0x00000000c8800000, 0x00000000c8800000, 0x00000000c8900000|  0%| F|  |TS  0|AC  0|TAMS 0x00000000c8800000, 0x00000000c8800000|
| 137|0x00000000c8900000, 0x00000000c8900000, 0x00000000c8a00000|  0%| F|  |TS  0|AC  0|TAMS 0x00000000c8900000, 0x00000000c8900000|
| 138|0x00000000c8a00000, 0x00000000c8a00000, 0x00000000c8b00000|  0%| F|  |TS  0|AC  0|TAMS 0x00000000c8a00000, 0x00000000c8a00000|
| 139|0x00000000c8b00000, 0x00000000c8b00000, 0x00000000c8c00000|  0%| F|  |TS  0|AC  0|TAMS 0x00000000c8b00000, 0x00000000c8b00000|
| 140|0x00000000c8c00000, 0x00000000c8c00000, 0x00000000c8d00000|  0%| F|  |TS  0|AC  0|TAMS 0x00000000c8c00000, 0x00000000c8c00000|
| 141|0x00000000c8d00000, 0x00000000c8d00000, 0x00000000c8e00000|  0%| F|  |TS  0|AC  0|TAMS 0x00000000c8d00000, 0x00000000c8d00000|
| 142|0x00000000c8e00000, 0x00000000c8e205c0, 0x00000000c8f00000| 12%| O|  |TS  0|AC  0|TAMS 0x00000000c8e00000, 0x00000000c8e00000|
| 143|0x00000000c8f00000, 0x00000000c8f00000, 0x00000000c9000000|  0%| F|  |TS  0|AC  0|TAMS 0x00000000c8f00000, 0x00000000c8f00000|
| 144|0x00000000c9000000, 0x00000000c9000000, 0x00000000c9100000|  0%| F|  |TS  0|AC  0|TAMS 0x00000000c9000000, 0x00000000c9000000|
| 145|0x00000000c9100000, 0x00000000c9100000, 0x00000000c9200000|  0%| F|  |TS  0|AC  0|TAMS 0x00000000c9100000, 0x00000000c9100000|
| 146|0x00000000c9200000, 0x00000000c9200000, 0x00000000c9300000|  0%| F|  |TS  0|AC  0|TAMS 0x00000000c9200000, 0x00000000c9200000|
| 147|0x00000000c9300000, 0x00000000c9300000, 0x00000000c9400000|  0%| F|  |TS  0|AC  0|TAMS 0x00000000c9300000, 0x00000000c9300000|
| 148|0x00000000c9400000, 0x00000000c9400000, 0x00000000c9500000|  0%| F|  |TS  0|AC  0|TAMS 0x00000000c9400000, 0x00000000c9400000|
| 149|0x00000000c9500000, 0x00000000c9500000, 0x00000000c9600000|  0%| F|  |TS  0|AC  0|TAMS 0x00000000c9500000, 0x00000000c9500000|
| 150|0x00000000c9600000, 0x00000000c9600000, 0x00000000c9700000|  0%| F|  |TS  0|AC  0|TAMS 0x00000000c9600000, 0x00000000c9600000|
| 151|0x00000000c9700000, 0x00000000c9700000, 0x00000000c9800000|  0%| F|  |TS  0|AC  0|TAMS 0x00000000c9700000, 0x00000000c9700000|
| 152|0x00000000c9800000, 0x00000000c9800000, 0x00000000c9900000|  0%| F|  |TS  0|AC  0|TAMS 0x00000000c9800000, 0x00000000c9800000|
| 153|0x00000000c9900000, 0x00000000c9900000, 0x00000000c9a00000|  0%| F|  |TS  0|AC  0|TAMS 0x00000000c9900000, 0x00000000c9900000|
| 154|0x00000000c9a00000, 0x00000000c9a35018, 0x00000000c9b00000| 20%| O|  |TS  0|AC  0|TAMS 0x00000000c9a00000, 0x00000000c9a00000|
| 155|0x00000000c9b00000, 0x00000000c9b00000, 0x00000000c9c00000|  0%| F|  |TS  0|AC  0|TAMS 0x00000000c9b00000, 0x00000000c9b00000|
| 156|0x00000000c9c00000, 0x00000000c9c00000, 0x00000000c9d00000|  0%| F|  |TS  0|AC  0|TAMS 0x00000000c9c00000, 0x00000000c9c00000|
| 157|0x00000000c9d00000, 0x00000000c9d00000, 0x00000000c9e00000|  0%| F|  |TS  0|AC  0|TAMS 0x00000000c9d00000, 0x00000000c9d00000|
| 158|0x00000000c9e00000, 0x00000000c9e00000, 0x00000000c9f00000|  0%| F|  |TS  0|AC  0|TAMS 0x00000000c9e00000, 0x00000000c9e00000|
| 159|0x00000000c9f00000, 0x00000000c9f00000, 0x00000000ca000000|  0%| F|  |TS  0|AC  0|TAMS 0x00000000c9f00000, 0x00000000c9f00000|
| 160|0x00000000ca000000, 0x00000000ca000000, 0x00000000ca100000|  0%| F|  |TS  0|AC  0|TAMS 0x00000000ca000000, 0x00000000ca000000|
| 161|0x00000000ca100000, 0x00000000ca100000, 0x00000000ca200000|  0%| F|  |TS  0|AC  0|TAMS 0x00000000ca100000, 0x00000000ca100000|
| 162|0x00000000ca200000, 0x00000000ca200000, 0x00000000ca300000|  0%| F|  |TS  0|AC  0|TAMS 0x00000000ca200000, 0x00000000ca200000|
| 163|0x00000000ca300000, 0x00000000ca300000, 0x00000000ca400000|  0%| F|  |TS  0|AC  0|TAMS 0x00000000ca300000, 0x00000000ca300000|
| 164|0x00000000ca400000, 0x00000000ca400000, 0x00000000ca500000|  0%| F|  |TS  0|AC  0|TAMS 0x00000000ca400000, 0x00000000ca400000|
| 165|0x00000000ca500000, 0x00000000ca500000, 0x00000000ca600000|  0%| F|  |TS  0|AC  0|TAMS 0x00000000ca500000, 0x00000000ca500000|
| 166|0x00000000ca600000, 0x00000000ca600000, 0x00000000ca700000|  0%| F|  |TS  0|AC  0|TAMS 0x00000000ca600000, 0x00000000ca600000|
| 167|0x00000000ca700000, 0x00000000ca700000, 0x00000000ca800000|  0%| F|  |TS  0|AC  0|TAMS 0x00000000ca700000, 0x00000000ca700000|
| 168|0x00000000ca800000, 0x00000000ca800000, 0x00000000ca900000|  0%| F|  |TS  0|AC  0|TAMS 0x00000000ca800000, 0x00000000ca800000|
| 169|0x00000000ca900000, 0x00000000ca900000, 0x00000000caa00000|  0%| F|  |TS  0|AC  0|TAMS 0x00000000ca900000, 0x00000000ca900000|
| 170|0x00000000caa00000, 0x00000000caa00000, 0x00000000cab00000|  0%| F|  |TS  0|AC  0|TAMS 0x00000000caa00000, 0x00000000caa00000|
| 171|0x00000000cab00000, 0x00000000cab00000, 0x00000000cac00000|  0%| F|  |TS  0|AC  0|TAMS 0x00000000cab00000, 0x00000000cab00000|
| 172|0x00000000cac00000, 0x00000000cac00000, 0x00000000cad00000|  0%| F|  |TS  0|AC  0|TAMS 0x00000000cac00000, 0x00000000cac00000|
| 173|0x00000000cad00000, 0x00000000cad00000, 0x00000000cae00000|  0%| F|  |TS  0|AC  0|TAMS 0x00000000cad00000, 0x00000000cad00000|
| 174|0x00000000cae00000, 0x00000000cae00000, 0x00000000caf00000|  0%| F|  |TS  0|AC  0|TAMS 0x00000000cae00000, 0x00000000cae00000|
| 175|0x00000000caf00000, 0x00000000caf00000, 0x00000000cb000000|  0%| F|  |TS  0|AC  0|TAMS 0x00000000caf00000, 0x00000000caf00000|
| 176|0x00000000cb000000, 0x00000000cb000000, 0x00000000cb100000|  0%| F|  |TS  0|AC  0|TAMS 0x00000000cb000000, 0x00000000cb000000|
| 177|0x00000000cb100000, 0x00000000cb100000, 0x00000000cb200000|  0%| F|  |TS  0|AC  0|TAMS 0x00000000cb100000, 0x00000000cb100000|
| 178|0x00000000cb200000, 0x00000000cb200000, 0x00000000cb300000|  0%| F|  |TS  0|AC  0|TAMS 0x00000000cb200000, 0x00000000cb200000|
| 179|0x00000000cb300000, 0x00000000cb300000, 0x00000000cb400000|  0%| F|  |TS  0|AC  0|TAMS 0x00000000cb300000, 0x00000000cb300000|
| 180|0x00000000cb400000, 0x00000000cb400000, 0x00000000cb500000|  0%| F|  |TS  0|AC  0|TAMS 0x00000000cb400000, 0x00000000cb400000|
| 181|0x00000000cb500000, 0x00000000cb500000, 0x00000000cb600000|  0%| F|  |TS  0|AC  0|TAMS 0x00000000cb500000, 0x00000000cb500000|
| 182|0x00000000cb600000, 0x00000000cb600000, 0x00000000cb700000|  0%| F|  |TS  0|AC  0|TAMS 0x00000000cb600000, 0x00000000cb600000|
| 183|0x00000000cb700000, 0x00000000cb700000, 0x00000000cb800000|  0%| F|  |TS  0|AC  0|TAMS 0x00000000cb700000, 0x00000000cb700000|
| 184|0x00000000cb800000, 0x00000000cb800000, 0x00000000cb900000|  0%| F|  |TS  0|AC  0|TAMS 0x00000000cb800000, 0x00000000cb800000|
| 185|0x00000000cb900000, 0x00000000cb900000, 0x00000000cba00000|  0%| F|  |TS  0|AC  0|TAMS 0x00000000cb900000, 0x00000000cb900000|
| 186|0x00000000cba00000, 0x00000000cba00000, 0x00000000cbb00000|  0%| F|  |TS  0|AC  0|TAMS 0x00000000cba00000, 0x00000000cba00000|
| 187|0x00000000cbb00000, 0x00000000cbb00000, 0x00000000cbc00000|  0%| F|  |TS  0|AC  0|TAMS 0x00000000cbb00000, 0x00000000cbb00000|
| 188|0x00000000cbc00000, 0x00000000cbc00000, 0x00000000cbd00000|  0%| F|  |TS  0|AC  0|TAMS 0x00000000cbc00000, 0x00000000cbc00000|
| 189|0x00000000cbd00000, 0x00000000cbd00000, 0x00000000cbe00000|  0%| F|  |TS  0|AC  0|TAMS 0x00000000cbd00000, 0x00000000cbd00000|
| 190|0x00000000cbe00000, 0x00000000cbe00000, 0x00000000cbf00000|  0%| F|  |TS  0|AC  0|TAMS 0x00000000cbe00000, 0x00000000cbe00000|
| 191|0x00000000cbf00000, 0x00000000cbf00000, 0x00000000cc000000|  0%| F|  |TS  0|AC  0|TAMS 0x00000000cbf00000, 0x00000000cbf00000|
| 192|0x00000000cc000000, 0x00000000cc000000, 0x00000000cc100000|  0%| F|  |TS  0|AC  0|TAMS 0x00000000cc000000, 0x00000000cc000000|
| 193|0x00000000cc100000, 0x00000000cc100000, 0x00000000cc200000|  0%| F|  |TS  0|AC  0|TAMS 0x00000000cc100000, 0x00000000cc100000|
| 194|0x00000000cc200000, 0x00000000cc200000, 0x00000000cc300000|  0%| F|  |TS  0|AC  0|TAMS 0x00000000cc200000, 0x00000000cc200000|
| 195|0x00000000cc300000, 0x00000000cc300000, 0x00000000cc400000|  0%| F|  |TS  0|AC  0|TAMS 0x00000000cc300000, 0x00000000cc300000|
| 196|0x00000000cc400000, 0x00000000cc400000, 0x00000000cc500000|  0%| F|  |TS  0|AC  0|TAMS 0x00000000cc400000, 0x00000000cc400000|
| 197|0x00000000cc500000, 0x00000000cc500000, 0x00000000cc600000|  0%| F|  |TS  0|AC  0|TAMS 0x00000000cc500000, 0x00000000cc500000|
| 198|0x00000000cc600000, 0x00000000cc600000, 0x00000000cc700000|  0%| F|  |TS  0|AC  0|TAMS 0x00000000cc600000, 0x00000000cc600000|
| 199|0x00000000cc700000, 0x00000000cc700000, 0x00000000cc800000|  0%| F|  |TS  0|AC  0|TAMS 0x00000000cc700000, 0x00000000cc700000|
| 200|0x00000000cc800000, 0x00000000cc800000, 0x00000000cc900000|  0%| F|  |TS  0|AC  0|TAMS 0x00000000cc800000, 0x00000000cc800000|
| 201|0x00000000cc900000, 0x00000000cc900000, 0x00000000cca00000|  0%| F|  |TS  0|AC  0|TAMS 0x00000000cc900000, 0x00000000cc900000|
| 202|0x00000000cca00000, 0x00000000cca00000, 0x00000000ccb00000|  0%| F|  |TS  0|AC  0|TAMS 0x00000000cca00000, 0x00000000cca00000|
| 203|0x00000000ccb00000, 0x00000000ccb00000, 0x00000000ccc00000|  0%| F|  |TS  0|AC  0|TAMS 0x00000000ccb00000, 0x00000000ccb00000|
| 204|0x00000000ccc00000, 0x00000000ccc00000, 0x00000000ccd00000|  0%| F|  |TS  0|AC  0|TAMS 0x00000000ccc00000, 0x00000000ccc00000|
| 205|0x00000000ccd00000, 0x00000000ccd00000, 0x00000000cce00000|  0%| F|  |TS  0|AC  0|TAMS 0x00000000ccd00000, 0x00000000ccd00000|
| 206|0x00000000cce00000, 0x00000000cce00000, 0x00000000ccf00000|  0%| F|  |TS  0|AC  0|TAMS 0x00000000cce00000, 0x00000000cce00000|
| 207|0x00000000ccf00000, 0x00000000ccf00000, 0x00000000cd000000|  0%| F|  |TS  0|AC  0|TAMS 0x00000000ccf00000, 0x00000000ccf00000|
| 208|0x00000000cd000000, 0x00000000cd000000, 0x00000000cd100000|  0%| F|  |TS  0|AC  0|TAMS 0x00000000cd000000, 0x00000000cd000000|
| 209|0x00000000cd100000, 0x00000000cd100000, 0x00000000cd200000|  0%| F|  |TS  0|AC  0|TAMS 0x00000000cd100000, 0x00000000cd100000|
| 210|0x00000000cd200000, 0x00000000cd200000, 0x00000000cd300000|  0%| F|  |TS  0|AC  0|TAMS 0x00000000cd200000, 0x00000000cd200000|
| 211|0x00000000cd300000, 0x00000000cd300000, 0x00000000cd400000|  0%| F|  |TS  0|AC  0|TAMS 0x00000000cd300000, 0x00000000cd300000|
| 212|0x00000000cd400000, 0x00000000cd400000, 0x00000000cd500000|  0%| F|  |TS  0|AC  0|TAMS 0x00000000cd400000, 0x00000000cd400000|
| 213|0x00000000cd500000, 0x00000000cd500000, 0x00000000cd600000|  0%| F|  |TS  0|AC  0|TAMS 0x00000000cd500000, 0x00000000cd500000|
| 214|0x00000000cd600000, 0x00000000cd600000, 0x00000000cd700000|  0%| F|  |TS  0|AC  0|TAMS 0x00000000cd600000, 0x00000000cd600000|
| 215|0x00000000cd700000, 0x00000000cd700000, 0x00000000cd800000|  0%| F|  |TS  0|AC  0|TAMS 0x00000000cd700000, 0x00000000cd700000|
| 216|0x00000000cd800000, 0x00000000cd800000, 0x00000000cd900000|  0%| F|  |TS  0|AC  0|TAMS 0x00000000cd800000, 0x00000000cd800000|
| 217|0x00000000cd900000, 0x00000000cd900000, 0x00000000cda00000|  0%| F|  |TS  0|AC  0|TAMS 0x00000000cd900000, 0x00000000cd900000|
| 218|0x00000000cda00000, 0x00000000cda00000, 0x00000000cdb00000|  0%| F|  |TS  0|AC  0|TAMS 0x00000000cda00000, 0x00000000cda00000|
| 219|0x00000000cdb00000, 0x00000000cdb00000, 0x00000000cdc00000|  0%| F|  |TS  0|AC  0|TAMS 0x00000000cdb00000, 0x00000000cdb00000|
| 220|0x00000000cdc00000, 0x00000000cdc00000, 0x00000000cdd00000|  0%| F|  |TS  0|AC  0|TAMS 0x00000000cdc00000, 0x00000000cdc00000|
| 221|0x00000000cdd00000, 0x00000000cdd00000, 0x00000000cde00000|  0%| F|  |TS  0|AC  0|TAMS 0x00000000cdd00000, 0x00000000cdd00000|
| 222|0x00000000cde00000, 0x00000000cde00000, 0x00000000cdf00000|  0%| F|  |TS  0|AC  0|TAMS 0x00000000cde00000, 0x00000000cde00000|
| 223|0x00000000cdf00000, 0x00000000cdf00000, 0x00000000ce000000|  0%| F|  |TS  0|AC  0|TAMS 0x00000000cdf00000, 0x00000000cdf00000|
| 224|0x00000000ce000000, 0x00000000ce000000, 0x00000000ce100000|  0%| F|  |TS  0|AC  0|TAMS 0x00000000ce000000, 0x00000000ce000000|
| 225|0x00000000ce100000, 0x00000000ce100000, 0x00000000ce200000|  0%| F|  |TS  0|AC  0|TAMS 0x00000000ce100000, 0x00000000ce100000|
| 226|0x00000000ce200000, 0x00000000ce200000, 0x00000000ce300000|  0%| F|  |TS  0|AC  0|TAMS 0x00000000ce200000, 0x00000000ce200000|
| 227|0x00000000ce300000, 0x00000000ce300000, 0x00000000ce400000|  0%| F|  |TS  0|AC  0|TAMS 0x00000000ce300000, 0x00000000ce300000|
| 228|0x00000000ce400000, 0x00000000ce400000, 0x00000000ce500000|  0%| F|  |TS  0|AC  0|TAMS 0x00000000ce400000, 0x00000000ce400000|
| 229|0x00000000ce500000, 0x00000000ce500000, 0x00000000ce600000|  0%| F|  |TS  0|AC  0|TAMS 0x00000000ce500000, 0x00000000ce500000|
| 230|0x00000000ce600000, 0x00000000ce600000, 0x00000000ce700000|  0%| F|  |TS  0|AC  0|TAMS 0x00000000ce600000, 0x00000000ce600000|
| 231|0x00000000ce700000, 0x00000000ce700000, 0x00000000ce800000|  0%| F|  |TS  0|AC  0|TAMS 0x00000000ce700000, 0x00000000ce700000|
| 232|0x00000000ce800000, 0x00000000ce800000, 0x00000000ce900000|  0%| F|  |TS  0|AC  0|TAMS 0x00000000ce800000, 0x00000000ce800000|
| 233|0x00000000ce900000, 0x00000000ce900000, 0x00000000cea00000|  0%| F|  |TS  0|AC  0|TAMS 0x00000000ce900000, 0x00000000ce900000|
| 234|0x00000000cea00000, 0x00000000cea00000, 0x00000000ceb00000|  0%| F|  |TS  0|AC  0|TAMS 0x00000000cea00000, 0x00000000cea00000|
| 235|0x00000000ceb00000, 0x00000000ceb00000, 0x00000000cec00000|  0%| F|  |TS  0|AC  0|TAMS 0x00000000ceb00000, 0x00000000ceb00000|
| 236|0x00000000cec00000, 0x00000000cec00000, 0x00000000ced00000|  0%| F|  |TS  0|AC  0|TAMS 0x00000000cec00000, 0x00000000cec00000|
| 237|0x00000000ced00000, 0x00000000ced00000, 0x00000000cee00000|  0%| F|  |TS  0|AC  0|TAMS 0x00000000ced00000, 0x00000000ced00000|
| 238|0x00000000cee00000, 0x00000000cee00000, 0x00000000cef00000|  0%| F|  |TS  0|AC  0|TAMS 0x00000000cee00000, 0x00000000cee00000|
| 239|0x00000000cef00000, 0x00000000cef00000, 0x00000000cf000000|  0%| F|  |TS  0|AC  0|TAMS 0x00000000cef00000, 0x00000000cef00000|
| 240|0x00000000cf000000, 0x00000000cf000000, 0x00000000cf100000|  0%| F|  |TS  0|AC  0|TAMS 0x00000000cf000000, 0x00000000cf000000|
| 241|0x00000000cf100000, 0x00000000cf100000, 0x00000000cf200000|  0%| F|  |TS  0|AC  0|TAMS 0x00000000cf100000, 0x00000000cf100000|
| 242|0x00000000cf200000, 0x00000000cf200000, 0x00000000cf300000|  0%| F|  |TS  0|AC  0|TAMS 0x00000000cf200000, 0x00000000cf200000|
| 243|0x00000000cf300000, 0x00000000cf300000, 0x00000000cf400000|  0%| F|  |TS  0|AC  0|TAMS 0x00000000cf300000, 0x00000000cf300000|
| 244|0x00000000cf400000, 0x00000000cf400000, 0x00000000cf500000|  0%| F|  |TS  0|AC  0|TAMS 0x00000000cf400000, 0x00000000cf400000|
| 245|0x00000000cf500000, 0x00000000cf500000, 0x00000000cf600000|  0%| F|  |TS  0|AC  0|TAMS 0x00000000cf500000, 0x00000000cf500000|
| 246|0x00000000cf600000, 0x00000000cf600000, 0x00000000cf700000|  0%| F|  |TS  0|AC  0|TAMS 0x00000000cf600000, 0x00000000cf600000|
| 247|0x00000000cf700000, 0x00000000cf700000, 0x00000000cf800000|  0%| F|  |TS  0|AC  0|TAMS 0x00000000cf700000, 0x00000000cf700000|
| 248|0x00000000cf800000, 0x00000000cf800000, 0x00000000cf900000|  0%| F|  |TS  0|AC  0|TAMS 0x00000000cf800000, 0x00000000cf800000|
| 249|0x00000000cf900000, 0x00000000cf900000, 0x00000000cfa00000|  0%| F|  |TS  0|AC  0|TAMS 0x00000000cf900000, 0x00000000cf900000|
| 250|0x00000000cfa00000, 0x00000000cfa00000, 0x00000000cfb00000|  0%| F|  |TS  0|AC  0|TAMS 0x00000000cfa00000, 0x00000000cfa00000|
| 251|0x00000000cfb00000, 0x00000000cfb00000, 0x00000000cfc00000|  0%| F|  |TS  0|AC  0|TAMS 0x00000000cfb00000, 0x00000000cfb00000|
| 252|0x00000000cfc00000, 0x00000000cfc00000, 0x00000000cfd00000|  0%| F|  |TS  0|AC  0|TAMS 0x00000000cfc00000, 0x00000000cfc00000|
| 253|0x00000000cfd00000, 0x00000000cfd00000, 0x00000000cfe00000|  0%| F|  |TS  0|AC  0|TAMS 0x00000000cfd00000, 0x00000000cfd00000|
| 254|0x00000000cfe00000, 0x00000000cfe00000, 0x00000000cff00000|  0%| F|  |TS  0|AC  0|TAMS 0x00000000cfe00000, 0x00000000cfe00000|
| 255|0x00000000cff00000, 0x00000000cff00000, 0x00000000d0000000|  0%| F|  |TS  0|AC  0|TAMS 0x00000000cff00000, 0x00000000cff00000|
| 256|0x00000000d0000000, 0x00000000d0000000, 0x00000000d0100000|  0%| F|  |TS  0|AC  0|TAMS 0x00000000d0000000, 0x00000000d0000000|
| 257|0x00000000d0100000, 0x00000000d0100000, 0x00000000d0200000|  0%| F|  |TS  0|AC  0|TAMS 0x00000000d0100000, 0x00000000d0100000|
| 258|0x00000000d0200000, 0x00000000d0200000, 0x00000000d0300000|  0%| F|  |TS  0|AC  0|TAMS 0x00000000d0200000, 0x00000000d0200000|
| 259|0x00000000d0300000, 0x00000000d0300000, 0x00000000d0400000|  0%| F|  |TS  0|AC  0|TAMS 0x00000000d0300000, 0x00000000d0300000|
| 260|0x00000000d0400000, 0x00000000d0400000, 0x00000000d0500000|  0%| F|  |TS  0|AC  0|TAMS 0x00000000d0400000, 0x00000000d0400000|
| 261|0x00000000d0500000, 0x00000000d0500000, 0x00000000d0600000|  0%| F|  |TS  0|AC  0|TAMS 0x00000000d0500000, 0x00000000d0500000|
| 262|0x00000000d0600000, 0x00000000d0600000, 0x00000000d0700000|  0%| F|  |TS  0|AC  0|TAMS 0x00000000d0600000, 0x00000000d0600000|
| 263|0x00000000d0700000, 0x00000000d0700000, 0x00000000d0800000|  0%| F|  |TS  0|AC  0|TAMS 0x00000000d0700000, 0x00000000d0700000|
| 264|0x00000000d0800000, 0x00000000d0800000, 0x00000000d0900000|  0%| F|  |TS  0|AC  0|TAMS 0x00000000d0800000, 0x00000000d0800000|
| 265|0x00000000d0900000, 0x00000000d0900000, 0x00000000d0a00000|  0%| F|  |TS  0|AC  0|TAMS 0x00000000d0900000, 0x00000000d0900000|
| 266|0x00000000d0a00000, 0x00000000d0a00000, 0x00000000d0b00000|  0%| F|  |TS  0|AC  0|TAMS 0x00000000d0a00000, 0x00000000d0a00000|
| 267|0x00000000d0b00000, 0x00000000d0b00000, 0x00000000d0c00000|  0%| F|  |TS  0|AC  0|TAMS 0x00000000d0b00000, 0x00000000d0b00000|
| 268|0x00000000d0c00000, 0x00000000d0c00000, 0x00000000d0d00000|  0%| F|  |TS  0|AC  0|TAMS 0x00000000d0c00000, 0x00000000d0c00000|
| 269|0x00000000d0d00000, 0x00000000d0d00000, 0x00000000d0e00000|  0%| F|  |TS  0|AC  0|TAMS 0x00000000d0d00000, 0x00000000d0d00000|
| 270|0x00000000d0e00000, 0x00000000d0e00000, 0x00000000d0f00000|  0%| F|  |TS  0|AC  0|TAMS 0x00000000d0e00000, 0x00000000d0e00000|
| 271|0x00000000d0f00000, 0x00000000d0f00000, 0x00000000d1000000|  0%| F|  |TS  0|AC  0|TAMS 0x00000000d0f00000, 0x00000000d0f00000|
| 272|0x00000000d1000000, 0x00000000d1000000, 0x00000000d1100000|  0%| F|  |TS  0|AC  0|TAMS 0x00000000d1000000, 0x00000000d1000000|
| 273|0x00000000d1100000, 0x00000000d1100000, 0x00000000d1200000|  0%| F|  |TS  0|AC  0|TAMS 0x00000000d1100000, 0x00000000d1100000|
| 274|0x00000000d1200000, 0x00000000d1200000, 0x00000000d1300000|  0%| F|  |TS  0|AC  0|TAMS 0x00000000d1200000, 0x00000000d1200000|
| 275|0x00000000d1300000, 0x00000000d1300000, 0x00000000d1400000|  0%| F|  |TS  0|AC  0|TAMS 0x00000000d1300000, 0x00000000d1300000|
| 276|0x00000000d1400000, 0x00000000d1400000, 0x00000000d1500000|  0%| F|  |TS  0|AC  0|TAMS 0x00000000d1400000, 0x00000000d1400000|
| 277|0x00000000d1500000, 0x00000000d1500000, 0x00000000d1600000|  0%| F|  |TS  0|AC  0|TAMS 0x00000000d1500000, 0x00000000d1500000|
| 278|0x00000000d1600000, 0x00000000d1600000, 0x00000000d1700000|  0%| F|  |TS  0|AC  0|TAMS 0x00000000d1600000, 0x00000000d1600000|
| 279|0x00000000d1700000, 0x00000000d1700000, 0x00000000d1800000|  0%| F|  |TS  0|AC  0|TAMS 0x00000000d1700000, 0x00000000d1700000|
| 280|0x00000000d1800000, 0x00000000d1800000, 0x00000000d1900000|  0%| F|  |TS  0|AC  0|TAMS 0x00000000d1800000, 0x00000000d1800000|
| 281|0x00000000d1900000, 0x00000000d1900000, 0x00000000d1a00000|  0%| F|  |TS  0|AC  0|TAMS 0x00000000d1900000, 0x00000000d1900000|
| 282|0x00000000d1a00000, 0x00000000d1a00000, 0x00000000d1b00000|  0%| F|  |TS  0|AC  0|TAMS 0x00000000d1a00000, 0x00000000d1a00000|
| 283|0x00000000d1b00000, 0x00000000d1b00000, 0x00000000d1c00000|  0%| F|  |TS  0|AC  0|TAMS 0x00000000d1b00000, 0x00000000d1b00000|
| 284|0x00000000d1c00000, 0x00000000d1c00000, 0x00000000d1d00000|  0%| F|  |TS  0|AC  0|TAMS 0x00000000d1c00000, 0x00000000d1c00000|
| 285|0x00000000d1d00000, 0x00000000d1d00000, 0x00000000d1e00000|  0%| F|  |TS  0|AC  0|TAMS 0x00000000d1d00000, 0x00000000d1d00000|
| 286|0x00000000d1e00000, 0x00000000d1e00000, 0x00000000d1f00000|  0%| F|  |TS  0|AC  0|TAMS 0x00000000d1e00000, 0x00000000d1e00000|
| 287|0x00000000d1f00000, 0x00000000d1f00000, 0x00000000d2000000|  0%| F|  |TS  0|AC  0|TAMS 0x00000000d1f00000, 0x00000000d1f00000|
| 288|0x00000000d2000000, 0x00000000d2000000, 0x00000000d2100000|  0%| F|  |TS  0|AC  0|TAMS 0x00000000d2000000, 0x00000000d2000000|
| 289|0x00000000d2100000, 0x00000000d2100000, 0x00000000d2200000|  0%| F|  |TS  0|AC  0|TAMS 0x00000000d2100000, 0x00000000d2100000|
| 290|0x00000000d2200000, 0x00000000d2200000, 0x00000000d2300000|  0%| F|  |TS  0|AC  0|TAMS 0x00000000d2200000, 0x00000000d2200000|
| 291|0x00000000d2300000, 0x00000000d2300000, 0x00000000d2400000|  0%| F|  |TS  0|AC  0|TAMS 0x00000000d2300000, 0x00000000d2300000|
| 292|0x00000000d2400000, 0x00000000d2400000, 0x00000000d2500000|  0%| F|  |TS  0|AC  0|TAMS 0x00000000d2400000, 0x00000000d2400000|
| 293|0x00000000d2500000, 0x00000000d2500000, 0x00000000d2600000|  0%| F|  |TS  0|AC  0|TAMS 0x00000000d2500000, 0x00000000d2500000|
| 294|0x00000000d2600000, 0x00000000d2600000, 0x00000000d2700000|  0%| F|  |TS  0|AC  0|TAMS 0x00000000d2600000, 0x00000000d2600000|
| 295|0x00000000d2700000, 0x00000000d2700000, 0x00000000d2800000|  0%| F|  |TS  0|AC  0|TAMS 0x00000000d2700000, 0x00000000d2700000|
| 296|0x00000000d2800000, 0x00000000d2800000, 0x00000000d2900000|  0%| F|  |TS  0|AC  0|TAMS 0x00000000d2800000, 0x00000000d2800000|
| 297|0x00000000d2900000, 0x00000000d2900000, 0x00000000d2a00000|  0%| F|  |TS  0|AC  0|TAMS 0x00000000d2900000, 0x00000000d2900000|
| 298|0x00000000d2a00000, 0x00000000d2a00000, 0x00000000d2b00000|  0%| F|  |TS  0|AC  0|TAMS 0x00000000d2a00000, 0x00000000d2a00000|
| 299|0x00000000d2b00000, 0x00000000d2b00000, 0x00000000d2c00000|  0%| F|  |TS  0|AC  0|TAMS 0x00000000d2b00000, 0x00000000d2b00000|
| 300|0x00000000d2c00000, 0x00000000d2c00000, 0x00000000d2d00000|  0%| F|  |TS  0|AC  0|TAMS 0x00000000d2c00000, 0x00000000d2c00000|
| 301|0x00000000d2d00000, 0x00000000d2d00000, 0x00000000d2e00000|  0%| F|  |TS  0|AC  0|TAMS 0x00000000d2d00000, 0x00000000d2d00000|
| 302|0x00000000d2e00000, 0x00000000d2e00000, 0x00000000d2f00000|  0%| F|  |TS  0|AC  0|TAMS 0x00000000d2e00000, 0x00000000d2e00000|
| 303|0x00000000d2f00000, 0x00000000d2f00000, 0x00000000d3000000|  0%| F|  |TS  0|AC  0|TAMS 0x00000000d2f00000, 0x00000000d2f00000|
| 304|0x00000000d3000000, 0x00000000d3000000, 0x00000000d3100000|  0%| F|  |TS  0|AC  0|TAMS 0x00000000d3000000, 0x00000000d3000000|
| 305|0x00000000d3100000, 0x00000000d3100000, 0x00000000d3200000|  0%| F|  |TS  0|AC  0|TAMS 0x00000000d3100000, 0x00000000d3100000|
| 306|0x00000000d3200000, 0x00000000d3200000, 0x00000000d3300000|  0%| F|  |TS  0|AC  0|TAMS 0x00000000d3200000, 0x00000000d3200000|
| 307|0x00000000d3300000, 0x00000000d3300000, 0x00000000d3400000|  0%| F|  |TS  0|AC  0|TAMS 0x00000000d3300000, 0x00000000d3300000|
| 308|0x00000000d3400000, 0x00000000d3400000, 0x00000000d3500000|  0%| F|  |TS  0|AC  0|TAMS 0x00000000d3400000, 0x00000000d3400000|
| 309|0x00000000d3500000, 0x00000000d3500000, 0x00000000d3600000|  0%| F|  |TS  0|AC  0|TAMS 0x00000000d3500000, 0x00000000d3500000|
| 310|0x00000000d3600000, 0x00000000d3600000, 0x00000000d3700000|  0%| F|  |TS  0|AC  0|TAMS 0x00000000d3600000, 0x00000000d3600000|
| 311|0x00000000d3700000, 0x00000000d3700000, 0x00000000d3800000|  0%| F|  |TS  0|AC  0|TAMS 0x00000000d3700000, 0x00000000d3700000|
| 312|0x00000000d3800000, 0x00000000d3800000, 0x00000000d3900000|  0%| F|  |TS  0|AC  0|TAMS 0x00000000d3800000, 0x00000000d3800000|
| 313|0x00000000d3900000, 0x00000000d3900000, 0x00000000d3a00000|  0%| F|  |TS  0|AC  0|TAMS 0x00000000d3900000, 0x00000000d3900000|
| 314|0x00000000d3a00000, 0x00000000d3a00000, 0x00000000d3b00000|  0%| F|  |TS  0|AC  0|TAMS 0x00000000d3a00000, 0x00000000d3a00000|
| 315|0x00000000d3b00000, 0x00000000d3b00000, 0x00000000d3c00000|  0%| F|  |TS  0|AC  0|TAMS 0x00000000d3b00000, 0x00000000d3b00000|
| 316|0x00000000d3c00000, 0x00000000d3c00000, 0x00000000d3d00000|  0%| F|  |TS  0|AC  0|TAMS 0x00000000d3c00000, 0x00000000d3c00000|
| 317|0x00000000d3d00000, 0x00000000d3d00000, 0x00000000d3e00000|  0%| F|  |TS  0|AC  0|TAMS 0x00000000d3d00000, 0x00000000d3d00000|
| 318|0x00000000d3e00000, 0x00000000d3e00000, 0x00000000d3f00000|  0%| F|  |TS  0|AC  0|TAMS 0x00000000d3e00000, 0x00000000d3e00000|
| 319|0x00000000d3f00000, 0x00000000d3f00000, 0x00000000d4000000|  0%| F|  |TS  0|AC  0|TAMS 0x00000000d3f00000, 0x00000000d3f00000|
| 320|0x00000000d4000000, 0x00000000d4000000, 0x00000000d4100000|  0%| F|  |TS  0|AC  0|TAMS 0x00000000d4000000, 0x00000000d4000000|
| 321|0x00000000d4100000, 0x00000000d4100000, 0x00000000d4200000|  0%| F|  |TS  0|AC  0|TAMS 0x00000000d4100000, 0x00000000d4100000|
| 322|0x00000000d4200000, 0x00000000d4200000, 0x00000000d4300000|  0%| F|  |TS  0|AC  0|TAMS 0x00000000d4200000, 0x00000000d4200000|
| 323|0x00000000d4300000, 0x00000000d4300000, 0x00000000d4400000|  0%| F|  |TS  0|AC  0|TAMS 0x00000000d4300000, 0x00000000d4300000|
| 324|0x00000000d4400000, 0x00000000d4400000, 0x00000000d4500000|  0%| F|  |TS  0|AC  0|TAMS 0x00000000d4400000, 0x00000000d4400000|
| 325|0x00000000d4500000, 0x00000000d4500000, 0x00000000d4600000|  0%| F|  |TS  0|AC  0|TAMS 0x00000000d4500000, 0x00000000d4500000|
| 326|0x00000000d4600000, 0x00000000d4600000, 0x00000000d4700000|  0%| F|  |TS  0|AC  0|TAMS 0x00000000d4600000, 0x00000000d4600000|
| 327|0x00000000d4700000, 0x00000000d4700000, 0x00000000d4800000|  0%| F|  |TS  0|AC  0|TAMS 0x00000000d4700000, 0x00000000d4700000|
| 328|0x00000000d4800000, 0x00000000d4800000, 0x00000000d4900000|  0%| F|  |TS  0|AC  0|TAMS 0x00000000d4800000, 0x00000000d4800000|
| 329|0x00000000d4900000, 0x00000000d4900000, 0x00000000d4a00000|  0%| F|  |TS  0|AC  0|TAMS 0x00000000d4900000, 0x00000000d4900000|
| 330|0x00000000d4a00000, 0x00000000d4a00000, 0x00000000d4b00000|  0%| F|  |TS  0|AC  0|TAMS 0x00000000d4a00000, 0x00000000d4a00000|
| 331|0x00000000d4b00000, 0x00000000d4b00000, 0x00000000d4c00000|  0%| F|  |TS  0|AC  0|TAMS 0x00000000d4b00000, 0x00000000d4b00000|
| 332|0x00000000d4c00000, 0x00000000d4c00000, 0x00000000d4d00000|  0%| F|  |TS  0|AC  0|TAMS 0x00000000d4c00000, 0x00000000d4c00000|
| 333|0x00000000d4d00000, 0x00000000d4d00000, 0x00000000d4e00000|  0%| F|  |TS  0|AC  0|TAMS 0x00000000d4d00000, 0x00000000d4d00000|
| 334|0x00000000d4e00000, 0x00000000d4e00000, 0x00000000d4f00000|  0%| F|  |TS  0|AC  0|TAMS 0x00000000d4e00000, 0x00000000d4e00000|
| 335|0x00000000d4f00000, 0x00000000d4f00000, 0x00000000d5000000|  0%| F|  |TS  0|AC  0|TAMS 0x00000000d4f00000, 0x00000000d4f00000|
| 336|0x00000000d5000000, 0x00000000d5000000, 0x00000000d5100000|  0%| F|  |TS  0|AC  0|TAMS 0x00000000d5000000, 0x00000000d5000000|
| 337|0x00000000d5100000, 0x00000000d5100000, 0x00000000d5200000|  0%| F|  |TS  0|AC  0|TAMS 0x00000000d5100000, 0x00000000d5100000|
| 338|0x00000000d5200000, 0x00000000d5200000, 0x00000000d5300000|  0%| F|  |TS  0|AC  0|TAMS 0x00000000d5200000, 0x00000000d5200000|
| 339|0x00000000d5300000, 0x00000000d5300000, 0x00000000d5400000|  0%| F|  |TS  0|AC  0|TAMS 0x00000000d5300000, 0x00000000d5300000|
| 340|0x00000000d5400000, 0x00000000d5400000, 0x00000000d5500000|  0%| F|  |TS  0|AC  0|TAMS 0x00000000d5400000, 0x00000000d5400000|
| 341|0x00000000d5500000, 0x00000000d5500000, 0x00000000d5600000|  0%| F|  |TS  0|AC  0|TAMS 0x00000000d5500000, 0x00000000d5500000|
| 342|0x00000000d5600000, 0x00000000d5600000, 0x00000000d5700000|  0%| F|  |TS  0|AC  0|TAMS 0x00000000d5600000, 0x00000000d5600000|
| 343|0x00000000d5700000, 0x00000000d5700000, 0x00000000d5800000|  0%| F|  |TS  0|AC  0|TAMS 0x00000000d5700000, 0x00000000d5700000|
| 344|0x00000000d5800000, 0x00000000d5800000, 0x00000000d5900000|  0%| F|  |TS  0|AC  0|TAMS 0x00000000d5800000, 0x00000000d5800000|
| 345|0x00000000d5900000, 0x00000000d5900000, 0x00000000d5a00000|  0%| F|  |TS  0|AC  0|TAMS 0x00000000d5900000, 0x00000000d5900000|
| 346|0x00000000d5a00000, 0x00000000d5a00000, 0x00000000d5b00000|  0%| F|  |TS  0|AC  0|TAMS 0x00000000d5a00000, 0x00000000d5a00000|
| 347|0x00000000d5b00000, 0x00000000d5b00000, 0x00000000d5c00000|  0%| F|  |TS  0|AC  0|TAMS 0x00000000d5b00000, 0x00000000d5b00000|
| 348|0x00000000d5c00000, 0x00000000d5c00000, 0x00000000d5d00000|  0%| F|  |TS  0|AC  0|TAMS 0x00000000d5c00000, 0x00000000d5c00000|
| 349|0x00000000d5d00000, 0x00000000d5d00000, 0x00000000d5e00000|  0%| F|  |TS  0|AC  0|TAMS 0x00000000d5d00000, 0x00000000d5d00000|
| 350|0x00000000d5e00000, 0x00000000d5e00000, 0x00000000d5f00000|  0%| F|  |TS  0|AC  0|TAMS 0x00000000d5e00000, 0x00000000d5e00000|
| 351|0x00000000d5f00000, 0x00000000d5f00000, 0x00000000d6000000|  0%| F|  |TS  0|AC  0|TAMS 0x00000000d5f00000, 0x00000000d5f00000|
| 352|0x00000000d6000000, 0x00000000d6000000, 0x00000000d6100000|  0%| F|  |TS  0|AC  0|TAMS 0x00000000d6000000, 0x00000000d6000000|
| 353|0x00000000d6100000, 0x00000000d6100000, 0x00000000d6200000|  0%| F|  |TS  0|AC  0|TAMS 0x00000000d6100000, 0x00000000d6100000|
| 354|0x00000000d6200000, 0x00000000d6200000, 0x00000000d6300000|  0%| F|  |TS  0|AC  0|TAMS 0x00000000d6200000, 0x00000000d6200000|
| 355|0x00000000d6300000, 0x00000000d6300000, 0x00000000d6400000|  0%| F|  |TS  0|AC  0|TAMS 0x00000000d6300000, 0x00000000d6300000|
| 356|0x00000000d6400000, 0x00000000d6400000, 0x00000000d6500000|  0%| F|  |TS  0|AC  0|TAMS 0x00000000d6400000, 0x00000000d6400000|
| 357|0x00000000d6500000, 0x00000000d6500000, 0x00000000d6600000|  0%| F|  |TS  0|AC  0|TAMS 0x00000000d6500000, 0x00000000d6500000|
| 358|0x00000000d6600000, 0x00000000d6600000, 0x00000000d6700000|  0%| F|  |TS  0|AC  0|TAMS 0x00000000d6600000, 0x00000000d6600000|
| 359|0x00000000d6700000, 0x00000000d6700000, 0x00000000d6800000|  0%| F|  |TS  0|AC  0|TAMS 0x00000000d6700000, 0x00000000d6700000|
| 360|0x00000000d6800000, 0x00000000d6800000, 0x00000000d6900000|  0%| F|  |TS  0|AC  0|TAMS 0x00000000d6800000, 0x00000000d6800000|
| 361|0x00000000d6900000, 0x00000000d6900000, 0x00000000d6a00000|  0%| F|  |TS  0|AC  0|TAMS 0x00000000d6900000, 0x00000000d6900000|
| 362|0x00000000d6a00000, 0x00000000d6a00000, 0x00000000d6b00000|  0%| F|  |TS  0|AC  0|TAMS 0x00000000d6a00000, 0x00000000d6a00000|
| 363|0x00000000d6b00000, 0x00000000d6b00000, 0x00000000d6c00000|  0%| F|  |TS  0|AC  0|TAMS 0x00000000d6b00000, 0x00000000d6b00000|
| 364|0x00000000d6c00000, 0x00000000d6c00000, 0x00000000d6d00000|  0%| F|  |TS  0|AC  0|TAMS 0x00000000d6c00000, 0x00000000d6c00000|
| 365|0x00000000d6d00000, 0x00000000d6d00000, 0x00000000d6e00000|  0%| F|  |TS  0|AC  0|TAMS 0x00000000d6d00000, 0x00000000d6d00000|
| 366|0x00000000d6e00000, 0x00000000d6e00000, 0x00000000d6f00000|  0%| F|  |TS  0|AC  0|TAMS 0x00000000d6e00000, 0x00000000d6e00000|
| 367|0x00000000d6f00000, 0x00000000d6f00000, 0x00000000d7000000|  0%| F|  |TS  0|AC  0|TAMS 0x00000000d6f00000, 0x00000000d6f00000|
| 368|0x00000000d7000000, 0x00000000d7000000, 0x00000000d7100000|  0%| F|  |TS  0|AC  0|TAMS 0x00000000d7000000, 0x00000000d7000000|
| 369|0x00000000d7100000, 0x00000000d7100000, 0x00000000d7200000|  0%| F|  |TS  0|AC  0|TAMS 0x00000000d7100000, 0x00000000d7100000|
| 370|0x00000000d7200000, 0x00000000d7200000, 0x00000000d7300000|  0%| F|  |TS  0|AC  0|TAMS 0x00000000d7200000, 0x00000000d7200000|
| 371|0x00000000d7300000, 0x00000000d7300000, 0x00000000d7400000|  0%| F|  |TS  0|AC  0|TAMS 0x00000000d7300000, 0x00000000d7300000|
| 372|0x00000000d7400000, 0x00000000d7400000, 0x00000000d7500000|  0%| F|  |TS  0|AC  0|TAMS 0x00000000d7400000, 0x00000000d7400000|
| 373|0x00000000d7500000, 0x00000000d7500000, 0x00000000d7600000|  0%| F|  |TS  0|AC  0|TAMS 0x00000000d7500000, 0x00000000d7500000|
| 374|0x00000000d7600000, 0x00000000d7600000, 0x00000000d7700000|  0%| F|  |TS  0|AC  0|TAMS 0x00000000d7600000, 0x00000000d7600000|
| 375|0x00000000d7700000, 0x00000000d7700000, 0x00000000d7800000|  0%| F|  |TS  0|AC  0|TAMS 0x00000000d7700000, 0x00000000d7700000|
| 376|0x00000000d7800000, 0x00000000d7800000, 0x00000000d7900000|  0%| F|  |TS  0|AC  0|TAMS 0x00000000d7800000, 0x00000000d7800000|
| 377|0x00000000d7900000, 0x00000000d7900000, 0x00000000d7a00000|  0%| F|  |TS  0|AC  0|TAMS 0x00000000d7900000, 0x00000000d7900000|
| 378|0x00000000d7a00000, 0x00000000d7a00000, 0x00000000d7b00000|  0%| F|  |TS  0|AC  0|TAMS 0x00000000d7a00000, 0x00000000d7a00000|
| 379|0x00000000d7b00000, 0x00000000d7b00000, 0x00000000d7c00000|  0%| F|  |TS  0|AC  0|TAMS 0x00000000d7b00000, 0x00000000d7b00000|
| 380|0x00000000d7c00000, 0x00000000d7c00000, 0x00000000d7d00000|  0%| F|  |TS  0|AC  0|TAMS 0x00000000d7c00000, 0x00000000d7c00000|
| 381|0x00000000d7d00000, 0x00000000d7d00000, 0x00000000d7e00000|  0%| F|  |TS  0|AC  0|TAMS 0x00000000d7d00000, 0x00000000d7d00000|
| 382|0x00000000d7e00000, 0x00000000d7e00000, 0x00000000d7f00000|  0%| F|  |TS  0|AC  0|TAMS 0x00000000d7e00000, 0x00000000d7e00000|
| 383|0x00000000d7f00000, 0x00000000d7f00000, 0x00000000d8000000|  0%| F|  |TS  0|AC  0|TAMS 0x00000000d7f00000, 0x00000000d7f00000|
| 384|0x00000000d8000000, 0x00000000d8000000, 0x00000000d8100000|  0%| F|  |TS  0|AC  0|TAMS 0x00000000d8000000, 0x00000000d8000000|
| 385|0x00000000d8100000, 0x00000000d8100000, 0x00000000d8200000|  0%| F|  |TS  0|AC  0|TAMS 0x00000000d8100000, 0x00000000d8100000|
| 386|0x00000000d8200000, 0x00000000d8200000, 0x00000000d8300000|  0%| F|  |TS  0|AC  0|TAMS 0x00000000d8200000, 0x00000000d8200000|
| 387|0x00000000d8300000, 0x00000000d8300000, 0x00000000d8400000|  0%| F|  |TS  0|AC  0|TAMS 0x00000000d8300000, 0x00000000d8300000|
| 388|0x00000000d8400000, 0x00000000d8400000, 0x00000000d8500000|  0%| F|  |TS  0|AC  0|TAMS 0x00000000d8400000, 0x00000000d8400000|
| 389|0x00000000d8500000, 0x00000000d8500000, 0x00000000d8600000|  0%| F|  |TS  0|AC  0|TAMS 0x00000000d8500000, 0x00000000d8500000|
| 390|0x00000000d8600000, 0x00000000d8600000, 0x00000000d8700000|  0%| F|  |TS  0|AC  0|TAMS 0x00000000d8600000, 0x00000000d8600000|
| 391|0x00000000d8700000, 0x00000000d8789010, 0x00000000d8800000| 53%| E|  |TS  0|AC  0|TAMS 0x00000000d8700000, 0x00000000d8700000|
| 531|0x00000000e1300000, 0x00000000e1400000, 0x00000000e1400000|100%|HS|  |TS  0|AC  0|TAMS 0x00000000e1300000, 0x00000000e1300000|
| 532|0x00000000e1400000, 0x00000000e1500000, 0x00000000e1500000|100%|HC|  |TS  0|AC  0|TAMS 0x00000000e1400000, 0x00000000e1400000|

Card table byte_map: [0x00000126a6010000,0x00000126a6210000] byte_map_base: 0x00000126a5a10000

Marking Bits (Prev, Next): (CMBitMap*) 0x000001268bada2b0, (CMBitMap*) 0x000001268bada2e8
 Prev Bits: [0x00000126a6410000, 0x00000126a7410000)
 Next Bits: [0x00000126a7410000, 0x00000126a8410000)

Polling page: 0x0000012689870000

CodeHeap 'non-profiled nmethods': size=120064Kb used=11201Kb max_used=11870Kb free=108862Kb
 bounds [0x000001269e8d0000, 0x000001269f470000, 0x00000126a5e10000]
CodeHeap 'profiled nmethods': size=120000Kb used=27453Kb max_used=27453Kb free=92546Kb
 bounds [0x00000126973a0000, 0x0000012698ea0000, 0x000001269e8d0000]
CodeHeap 'non-nmethods': size=5696Kb used=1282Kb max_used=1353Kb free=4413Kb
 bounds [0x0000012696e10000, 0x0000012697080000, 0x00000126973a0000]
 total_blobs=18132 nmethods=11372 adapters=587
 compilation: enabled

Compilation events (10 events):
Event: 1662.885 Thread 0x00000126ab2a9000 13944       3       org.eclipse.jdt.internal.compiler.classfmt.ModuleInfo::setAnnotations (43 bytes)
Event: 1662.885 Thread 0x00000126ab2a9000 nmethod 13944 0x0000012698e8d790 code [0x0000012698e8d960, 0x0000012698e8dd10]
Event: 1664.445 Thread 0x00000126ab2a9000 13945       3       org.eclipse.jdt.internal.core.JavaProject::driveExists (76 bytes)
Event: 1664.445 Thread 0x00000126ab2a9000 nmethod 13945 0x0000012698e8de90 code [0x0000012698e8e0c0, 0x0000012698e8e790]
Event: 1664.445 Thread 0x00000126ab2a9000 13946       3       org.eclipse.jdt.internal.core.ClasspathEntry::rootID (191 bytes)
Event: 1664.448 Thread 0x00000126ab2a9000 nmethod 13946 0x0000012698e8e990 code [0x0000012698e8efc0, 0x0000012698e921a0]
Event: 1664.448 Thread 0x00000126ab2a9000 13948       3       org.eclipse.lsp4j.jsonrpc.json.adapters.EnumTypeAdapter::write (10 bytes)
Event: 1664.448 Thread 0x00000126ab2a9000 nmethod 13948 0x0000012698e93010 code [0x0000012698e93220, 0x0000012698e937f0]
Event: 1664.448 Thread 0x00000126ab2a9000 13947       3       org.eclipse.jdt.internal.core.JarPackageFragmentRoot::getElementName (10 bytes)
Event: 1664.449 Thread 0x00000126ab2a9000 nmethod 13947 0x0000012698e93a10 code [0x0000012698e93be0, 0x0000012698e93e78]

GC Heap History (10 events):
Event: 1580.475 GC heap before
{Heap before GC invocations=165 (full 63):
 garbage-first heap   total 403456K, used 125451K [0x00000000c0000000, 0x0000000100000000)
  region size 1024K, 1 young (1024K), 0 survivors (0K)
 Metaspace       used 68390K, capacity 71177K, committed 71856K, reserved 1114112K
  class space    used 6239K, capacity 7213K, committed 7344K, reserved 1048576K
}
Event: 1580.656 GC heap after
{Heap after GC invocations=166 (full 64):
 garbage-first heap   total 403456K, used 125376K [0x00000000c0000000, 0x0000000100000000)
  region size 1024K, 0 young (0K), 0 survivors (0K)
 Metaspace       used 68390K, capacity 71177K, committed 71856K, reserved 1114112K
  class space    used 6239K, capacity 7213K, committed 7344K, reserved 1048576K
}
Event: 1621.035 GC heap before
{Heap before GC invocations=166 (full 64):
 garbage-first heap   total 403456K, used 129472K [0x00000000c0000000, 0x0000000100000000)
  region size 1024K, 5 young (5120K), 0 survivors (0K)
 Metaspace       used 68395K, capacity 71177K, committed 71856K, reserved 1114112K
  class space    used 6239K, capacity 7213K, committed 7344K, reserved 1048576K
}
Event: 1621.223 GC heap after
{Heap after GC invocations=167 (full 65):
 garbage-first heap   total 403456K, used 125288K [0x00000000c0000000, 0x0000000100000000)
  region size 1024K, 0 young (0K), 0 survivors (0K)
 Metaspace       used 68395K, capacity 71177K, committed 71856K, reserved 1114112K
  class space    used 6239K, capacity 7213K, committed 7344K, reserved 1048576K
}
Event: 1631.545 GC heap before
{Heap before GC invocations=167 (full 65):
 garbage-first heap   total 403456K, used 125288K [0x00000000c0000000, 0x0000000100000000)
  region size 1024K, 1 young (1024K), 0 survivors (0K)
 Metaspace       used 68395K, capacity 71177K, committed 71856K, reserved 1114112K
  class space    used 6239K, capacity 7213K, committed 7344K, reserved 1048576K
}
Event: 1631.737 GC heap after
{Heap after GC invocations=168 (full 66):
 garbage-first heap   total 403456K, used 125287K [0x00000000c0000000, 0x0000000100000000)
  region size 1024K, 0 young (0K), 0 survivors (0K)
 Metaspace       used 68395K, capacity 71177K, committed 71856K, reserved 1114112K
  class space    used 6239K, capacity 7213K, committed 7344K, reserved 1048576K
}
Event: 1642.019 GC heap before
{Heap before GC invocations=168 (full 66):
 garbage-first heap   total 403456K, used 125287K [0x00000000c0000000, 0x0000000100000000)
  region size 1024K, 1 young (1024K), 0 survivors (0K)
 Metaspace       used 68395K, capacity 71177K, committed 71856K, reserved 1114112K
  class space    used 6239K, capacity 7213K, committed 7344K, reserved 1048576K
}
Event: 1642.211 GC heap after
{Heap after GC invocations=169 (full 67):
 garbage-first heap   total 403456K, used 125287K [0x00000000c0000000, 0x0000000100000000)
  region size 1024K, 0 young (0K), 0 survivors (0K)
 Metaspace       used 68395K, capacity 71177K, committed 71856K, reserved 1114112K
  class space    used 6239K, capacity 7213K, committed 7344K, reserved 1048576K
}
Event: 1712.546 GC heap before
{Heap before GC invocations=169 (full 67):
 garbage-first heap   total 403456K, used 130407K [0x00000000c0000000, 0x0000000100000000)
  region size 1024K, 6 young (6144K), 0 survivors (0K)
 Metaspace       used 68409K, capacity 71177K, committed 71856K, reserved 1114112K
  class space    used 6239K, capacity 7213K, committed 7344K, reserved 1048576K
}
Event: 1712.735 GC heap after
{Heap after GC invocations=170 (full 68):
 garbage-first heap   total 403456K, used 125267K [0x00000000c0000000, 0x0000000100000000)
  region size 1024K, 0 young (0K), 0 survivors (0K)
 Metaspace       used 68409K, capacity 71177K, committed 71856K, reserved 1114112K
  class space    used 6239K, capacity 7213K, committed 7344K, reserved 1048576K
}

Deoptimization events (10 events):
Event: 884.826 Thread 0x00000126ac998000 Uncommon trap: reason=unstable_if action=reinterpret pc=0x000001269ec394ac method=org.eclipse.jdt.core.compiler.CharOperation.prefixEquals([C[CZI)Z @ 84 c2
Event: 884.907 Thread 0x00000126ac998000 Uncommon trap: reason=unstable_if action=reinterpret pc=0x000001269f08d49c method=org.eclipse.jdt.internal.core.JavaElement.openWhenClosed(Ljava/lang/Object;ZLorg/eclipse/core/runtime/IProgressMonitor;)Ljava/lang/Object; @ 39 c2
Event: 889.200 Thread 0x00000126ac998000 Uncommon trap: reason=array_check action=maybe_recompile pc=0x000001269f45d2fc method=org.eclipse.jdt.internal.compiler.classfmt.ModuleInfo.readModuleAttribute(I)V @ 1029 c2
Event: 889.201 Thread 0x00000126ac998000 Uncommon trap: reason=array_check action=maybe_recompile pc=0x000001269f45d2fc method=org.eclipse.jdt.internal.compiler.classfmt.ModuleInfo.readModuleAttribute(I)V @ 1029 c2
Event: 889.201 Thread 0x00000126ac998000 Uncommon trap: reason=array_check action=maybe_recompile pc=0x000001269f45d2fc method=org.eclipse.jdt.internal.compiler.classfmt.ModuleInfo.readModuleAttribute(I)V @ 1029 c2
Event: 889.201 Thread 0x00000126ac998000 Uncommon trap: reason=array_check action=maybe_recompile pc=0x000001269f45d2fc method=org.eclipse.jdt.internal.compiler.classfmt.ModuleInfo.readModuleAttribute(I)V @ 1029 c2
Event: 889.202 Thread 0x00000126ac998000 Uncommon trap: reason=array_check action=maybe_recompile pc=0x000001269f3db874 method=org.eclipse.jdt.internal.compiler.classfmt.ModuleInfo.readModuleAttribute(I)V @ 1029 c2
Event: 889.267 Thread 0x00000126ac998000 Uncommon trap: reason=bimorphic_or_optimized_type_check action=maybe_recompile pc=0x000001269ed43bc0 method=java.nio.file.Files.provider(Ljava/nio/file/Path;)Ljava/nio/file/spi/FileSystemProvider; @ 6 c2
Event: 1662.884 Thread 0x00000126ae8c4800 Uncommon trap: reason=intrinsic_or_type_checked_inlining action=make_not_entrant pc=0x000001269f3a3120 method=org.eclipse.jdt.internal.core.ClasspathEntry.<init>(IILorg/eclipse/core/runtime/IPath;[Lorg/eclipse/core/runtime/IPath;[Lorg/eclipse/core/runtime
Event: 1662.884 Thread 0x00000126ae8c4800 Uncommon trap: reason=unstable_if action=reinterpret pc=0x000001269efd6bf8 method=org.eclipse.jdt.internal.core.ClasspathEntry.rootID()Ljava/lang/String; @ 4 c2

Classes redefined (0 events):
No events

Internal exceptions (10 events):
Event: 1564.022 Thread 0x00000126ae8c6000 Exception <a 'sun/nio/fs/WindowsException'{0x00000000d646a480}> (0x00000000d646a480) thrown at [t:/workspace/open/src/hotspot/share/prims/jni.cpp, line 611]
Event: 1564.025 Thread 0x00000126ae8c6000 Exception <a 'sun/nio/fs/WindowsException'{0x00000000d6486710}> (0x00000000d6486710) thrown at [t:/workspace/open/src/hotspot/share/prims/jni.cpp, line 611]
Event: 1564.025 Thread 0x00000126ae8c6000 Exception <a 'sun/nio/fs/WindowsException'{0x00000000d64896c0}> (0x00000000d64896c0) thrown at [t:/workspace/open/src/hotspot/share/prims/jni.cpp, line 611]
Event: 1564.027 Thread 0x00000126ae8c6000 Exception <a 'sun/nio/fs/WindowsException'{0x00000000d64a4090}> (0x00000000d64a4090) thrown at [t:/workspace/open/src/hotspot/share/prims/jni.cpp, line 611]
Event: 1564.029 Thread 0x00000126ae8c6000 Exception <a 'sun/nio/fs/WindowsException'{0x00000000d64a6f88}> (0x00000000d64a6f88) thrown at [t:/workspace/open/src/hotspot/share/prims/jni.cpp, line 611]
Event: 1564.035 Thread 0x00000126ae8c6000 Exception <a 'sun/nio/fs/WindowsException'{0x00000000d64ca298}> (0x00000000d64ca298) thrown at [t:/workspace/open/src/hotspot/share/prims/jni.cpp, line 611]
Event: 1564.035 Thread 0x00000126ae8c6000 Exception <a 'sun/nio/fs/WindowsException'{0x00000000d64cd178}> (0x00000000d64cd178) thrown at [t:/workspace/open/src/hotspot/share/prims/jni.cpp, line 611]
Event: 1564.036 Thread 0x00000126ae8c6000 Exception <a 'sun/nio/fs/WindowsException'{0x00000000d64e85f0}> (0x00000000d64e85f0) thrown at [t:/workspace/open/src/hotspot/share/prims/jni.cpp, line 611]
Event: 1564.037 Thread 0x00000126ae8c6000 Exception <a 'sun/nio/fs/WindowsException'{0x00000000d64eb480}> (0x00000000d64eb480) thrown at [t:/workspace/open/src/hotspot/share/prims/jni.cpp, line 611]
Event: 1584.283 Thread 0x00000126ae8c4000 Exception <a 'java/lang/InterruptedException'{0x00000000d8680870}> (0x00000000d8680870) thrown at [t:/workspace/open/src/hotspot/share/runtime/objectMonitor.cpp, line 1631]

Events (10 events):
Event: 1644.817 Thread 0x00000126ae8c1800 Thread exited: 0x00000126ae8c1800
Event: 1662.884 Thread 0x00000126ae8c4800 Uncommon trap: trap_request=0xffffffcc fr.pc=0x000001269f3a3120 relative=0x0000000000000680
Event: 1662.884 Thread 0x00000126ae8c4800 DEOPT PACKING pc=0x000001269f3a3120 sp=0x0000000bb7dfe9b0
Event: 1662.884 Thread 0x00000126ae8c4800 DEOPT UNPACKING pc=0x0000012696e38a2f sp=0x0000000bb7dfe7f8 mode 2
Event: 1662.884 Thread 0x00000126ae8c4800 Uncommon trap: trap_request=0xffffff55 fr.pc=0x000001269efd6bf8 relative=0x0000000000000058
Event: 1662.884 Thread 0x00000126ae8c4800 DEOPT PACKING pc=0x000001269efd6bf8 sp=0x0000000bb7dfe830
Event: 1662.884 Thread 0x00000126ae8c4800 DEOPT UNPACKING pc=0x0000012696e38a2f sp=0x0000000bb7dfe7c8 mode 2
Event: 1712.546 Executing VM operation: G1CollectFull
Event: 1712.735 Executing VM operation: G1CollectFull done
Event: 1723.099 Executing VM operation: G1CollectFull


Dynamic libraries:
0x00007ff653660000 - 0x00007ff65369e000 	C:\Program Files\Java\jdk-10.0.2\bin\java.exe
0x00007ffbc66c0000 - 0x00007ffbc68a1000 	C:\WINDOWS\SYSTEM32\ntdll.dll
0x00007ffbc3d60000 - 0x00007ffbc3e11000 	C:\WINDOWS\System32\KERNEL32.DLL
0x00007ffbc2e80000 - 0x00007ffbc30f3000 	C:\WINDOWS\System32\KERNELBASE.dll
0x00007ffbc3b50000 - 0x00007ffbc3bf1000 	C:\WINDOWS\System32\ADVAPI32.dll
0x00007ffbc4ce0000 - 0x00007ffbc4d7e000 	C:\WINDOWS\System32\msvcrt.dll
0x00007ffbc4da0000 - 0x00007ffbc4dfb000 	C:\WINDOWS\System32\sechost.dll
0x00007ffbc4080000 - 0x00007ffbc41a4000 	C:\WINDOWS\System32\RPCRT4.dll
0x00007ffbc4b50000 - 0x00007ffbc4ce0000 	C:\WINDOWS\System32\USER32.dll
0x00007ffbc3940000 - 0x00007ffbc3960000 	C:\WINDOWS\System32\win32u.dll
0x00007ffbc6660000 - 0x00007ffbc6688000 	C:\WINDOWS\System32\GDI32.dll
0x00007ffbc2be0000 - 0x00007ffbc2d72000 	C:\WINDOWS\System32\gdi32full.dll
0x00007ffbc2a90000 - 0x00007ffbc2b2f000 	C:\WINDOWS\System32\msvcp_win.dll
0x00007ffbc2d80000 - 0x00007ffbc2e78000 	C:\WINDOWS\System32\ucrtbase.dll
0x00007ffbb0a90000 - 0x00007ffbb0a9a000 	C:\WINDOWS\SYSTEM32\VERSION.dll
0x00007ffbaab90000 - 0x00007ffbaadf9000 	C:\WINDOWS\WinSxS\amd64_microsoft.windows.common-controls_6595b64144ccf1df_6.0.17134.765_none_fb42a1a930655896\COMCTL32.dll
0x00007ffbc4760000 - 0x00007ffbc4a82000 	C:\WINDOWS\System32\combase.dll
0x00007ffbc3870000 - 0x00007ffbc38ea000 	C:\WINDOWS\System32\bcryptPrimitives.dll
0x00007ffbc4a90000 - 0x00007ffbc4abd000 	C:\WINDOWS\System32\IMM32.DLL
0x00007ffb95fb0000 - 0x00007ffb9609f000 	C:\Program Files\Java\jdk-10.0.2\bin\msvcr120.dll
0x00007ffb95900000 - 0x00007ffb959a6000 	C:\Program Files\Java\jdk-10.0.2\bin\msvcp120.dll
0x0000000077590000 - 0x0000000078000000 	C:\Program Files\Java\jdk-10.0.2\bin\server\jvm.dll
0x00007ffbc4ad0000 - 0x00007ffbc4ad8000 	C:\WINDOWS\System32\PSAPI.DLL
0x00007ffbaa5d0000 - 0x00007ffbaa5d9000 	C:\WINDOWS\SYSTEM32\WSOCK32.dll
0x00007ffbc4ae0000 - 0x00007ffbc4b4c000 	C:\WINDOWS\System32\WS2_32.dll
0x00007ffbc05b0000 - 0x00007ffbc05d3000 	C:\WINDOWS\SYSTEM32\WINMM.dll
0x00007ffbc0580000 - 0x00007ffbc05aa000 	C:\WINDOWS\SYSTEM32\winmmbase.dll
0x00007ffbc38f0000 - 0x00007ffbc3939000 	C:\WINDOWS\System32\cfgmgr32.dll
0x00007ffbbf0b0000 - 0x00007ffbbf0bf000 	C:\Program Files\Java\jdk-10.0.2\bin\verify.dll
0x00007ffbc17a0000 - 0x00007ffbc1969000 	C:\WINDOWS\SYSTEM32\DBGHELP.DLL
0x00007ffbab2e0000 - 0x00007ffbab309000 	C:\WINDOWS\SYSTEM32\dbgcore.DLL
0x00007ffba6e50000 - 0x00007ffba6e77000 	C:\Program Files\Java\jdk-10.0.2\bin\java.dll
0x00007ffbb8870000 - 0x00007ffbb8886000 	C:\Program Files\Java\jdk-10.0.2\bin\zip.dll
0x00007ffbbf000000 - 0x00007ffbbf00a000 	C:\Program Files\Java\jdk-10.0.2\bin\jimage.dll
0x00007ffbc4fd0000 - 0x00007ffbc6410000 	C:\WINDOWS\System32\SHELL32.dll
0x00007ffbc6410000 - 0x00007ffbc64b9000 	C:\WINDOWS\System32\shcore.dll
0x00007ffbc3160000 - 0x00007ffbc386d000 	C:\WINDOWS\System32\windows.storage.dll
0x00007ffbc3cf0000 - 0x00007ffbc3d41000 	C:\WINDOWS\System32\shlwapi.dll
0x00007ffbc2a30000 - 0x00007ffbc2a41000 	C:\WINDOWS\System32\kernel.appcore.dll
0x00007ffbc2a70000 - 0x00007ffbc2a8f000 	C:\WINDOWS\System32\profapi.dll
0x00007ffbc29e0000 - 0x00007ffbc2a2c000 	C:\WINDOWS\System32\powrprof.dll
0x00007ffbc29d0000 - 0x00007ffbc29da000 	C:\WINDOWS\System32\FLTLIB.DLL
0x00007ffbad720000 - 0x00007ffbad73a000 	C:\Program Files\Java\jdk-10.0.2\bin\net.dll
0x00007ffbbdde0000 - 0x00007ffbbdebd000 	C:\WINDOWS\SYSTEM32\WINHTTP.dll
0x00007ffbc2200000 - 0x00007ffbc2266000 	C:\WINDOWS\system32\mswsock.dll
0x00007ffba84a0000 - 0x00007ffba84b1000 	C:\Program Files\Java\jdk-10.0.2\bin\nio.dll
0x00007ffbc2410000 - 0x00007ffbc2427000 	C:\WINDOWS\SYSTEM32\CRYPTSP.dll
0x00007ffbc1df0000 - 0x00007ffbc1e23000 	C:\WINDOWS\system32\rsaenh.dll
0x00007ffbc24c0000 - 0x00007ffbc24e5000 	C:\WINDOWS\SYSTEM32\bcrypt.dll
0x00007ffbc2900000 - 0x00007ffbc2928000 	C:\WINDOWS\SYSTEM32\USERENV.dll
0x00007ffbc2360000 - 0x00007ffbc236b000 	C:\WINDOWS\SYSTEM32\CRYPTBASE.dll
0x00007ffbc1f90000 - 0x00007ffbc1fc8000 	C:\WINDOWS\SYSTEM32\IPHLPAPI.DLL
0x00007ffbc3d50000 - 0x00007ffbc3d58000 	C:\WINDOWS\System32\NSI.dll
0x00007ffbbd370000 - 0x00007ffbbd386000 	C:\WINDOWS\SYSTEM32\dhcpcsvc6.DLL
0x00007ffbbd350000 - 0x00007ffbbd36a000 	C:\WINDOWS\SYSTEM32\dhcpcsvc.DLL
0x00007ffba4e20000 - 0x00007ffba4e49000 	C:\Users\lrabo\.vscode\extensions\redhat.java-0.40.0\server\config_win\org.eclipse.equinox.launcher\org.eclipse.equinox.launcher.win32.win32.x86_64_1.1.1000.v20190125-2016\eclipse_1801.dll
0x00007ffba69d0000 - 0x00007ffba69e1000 	C:\Users\lrabo\.vscode\extensions\redhat.java-0.40.0\server\config_win\org.eclipse.osgi\20\0\.cp\jWinHttp-1.0.0.dll
0x00007ffbc4600000 - 0x00007ffbc4751000 	C:\WINDOWS\System32\ole32.dll
0x00007ffbb2180000 - 0x00007ffbb2196000 	C:\WINDOWS\system32\napinsp.dll
0x00007ffbaeff0000 - 0x00007ffbaf00a000 	C:\WINDOWS\system32\pnrpnsp.dll
0x00007ffbbee50000 - 0x00007ffbbee69000 	C:\WINDOWS\system32\NLAapi.dll
0x00007ffbc1fd0000 - 0x00007ffbc208e000 	C:\WINDOWS\SYSTEM32\DNSAPI.dll
0x00007ffbb7d90000 - 0x00007ffbb7d9e000 	C:\WINDOWS\System32\winrnr.dll
0x00007ffbbc640000 - 0x00007ffbbc655000 	C:\WINDOWS\System32\wshbth.dll
0x00007ffbb9c40000 - 0x00007ffbb9c4a000 	C:\Windows\System32\rasadhlp.dll
0x00007ffbb9c50000 - 0x00007ffbb9cc2000 	C:\WINDOWS\System32\fwpuclnt.dll
0x00007ffbbedd0000 - 0x00007ffbbeddb000 	C:\Program Files\Java\jdk-10.0.2\bin\sunmscapi.dll
0x00007ffbc3960000 - 0x00007ffbc3b42000 	C:\WINDOWS\System32\CRYPT32.dll
0x00007ffbc2a50000 - 0x00007ffbc2a62000 	C:\WINDOWS\System32\MSASN1.dll
0x00007ffba1710000 - 0x00007ffba1733000 	C:\Program Files\Java\jdk-10.0.2\bin\sunec.dll

dbghelp: loaded successfully - version: 4.0.5 - missing functions: none
symbol engine: initialized successfully - sym options: 0x614 - pdb path: .;C:\Program Files\Java\jdk-10.0.2\bin;C:\WINDOWS\SYSTEM32;C:\WINDOWS\WinSxS\amd64_microsoft.windows.common-controls_6595b64144ccf1df_6.0.17134.765_none_fb42a1a930655896;C:\Program Files\Java\jdk-10.0.2\bin\server;C:\Users\lrabo\.vscode\extensions\redhat.java-0.40.0\server\config_win\org.eclipse.equinox.launcher\org.eclipse.equinox.launcher.win32.win32.x86_64_1.1.1000.v20190125-2016;C:\Users\lrabo\.vscode\extensions\redhat.java-0.40.0\server\config_win\org.eclipse.osgi\20\0\.cp

VM Arguments:
jvm_args: --add-modules=ALL-SYSTEM --add-opens=java.base/java.util=ALL-UNNAMED --add-opens=java.base/java.lang=ALL-UNNAMED -Declipse.application=org.eclipse.jdt.ls.core.id1 -Dosgi.bundles.defaultStartLevel=4 -Declipse.product=org.eclipse.jdt.ls.core.product -Dfile.encoding=utf8 -Xverify:none -Xmx1G -XX:+UseG1GC -XX:+UseStringDeduplication 
java_command: C:\Users\lrabo\.vscode\extensions\redhat.java-0.40.0\server\plugins\org.eclipse.equinox.launcher_1.5.200.v20180922-1751.jar -configuration C:\Users\lrabo\.vscode\extensions\redhat.java-0.40.0\server\config_win -data c:\Users\lrabo\AppData\Roaming\Code\User\workspaceStorage\2003f26c0ec0f93f555685018e3b91b5\redhat.java\jdt_ws
java_class_path (initial): C:\Users\lrabo\.vscode\extensions\redhat.java-0.40.0\server\plugins\org.eclipse.equinox.launcher_1.5.200.v20180922-1751.jar
Launcher Type: SUN_STANDARD

Logging:
Log output configuration:
#0: stdout all=warning uptime,level,tags
#1: stderr all=off uptime,level,tags

Environment Variables:
JAVA_HOME=C:\Program Files\Java\jdk-10.0.2
CLASSPATH=.;
PATH=C:\ProgramData\DockerDesktop\version-bin;C:\Program Files\Docker\Docker\Resources\bin;C:\Windows\system32;C:\Windows;C:\Windows\System32\Wbem;C:\Windows\System32\WindowsPowerShell\v1.0\;C:\Program Files (x86)\NVIDIA Corporation\PhysX\Common;C:\WINDOWS\system32;C:\WINDOWS;C:\WINDOWS\System32\Wbem;C:\WINDOWS\System32\WindowsPowerShell\v1.0\;C:\Program Files\dotnet\;C:\WINDOWS\System32\OpenSSH\;P:\Program Files\nodejs\;C:\ProgramData\chocolatey\bin;C:\Program Files\Java\jdk-10.0.2\bin;C:\Users\lrabo\AppData\Local\Microsoft\WindowsApps;P:\Program Files\Microsoft VS Code\bin;C:\Users\lrabo\AppData\Roa;C:\Program Files\Java\jdk1.8.0_181\bin;P:\Program Files\Git\bin;P:\minishift;P:\Ruby25-x64\bin;F:\Code\Ruby\Tutorial Cucumber;P:\Program Files (x86)\Microsoft SQL Server\140\Tools\Binn\;C:\Program Files\Microsoft SQL Server\140\Tools\Binn\;P:\Program Files (x86)\Microsoft SQL Server\140\DTS\Binn\;C:\Program Files\Microsoft SQL Server\140\DTS\Binn\;C:\Program Files\Microsoft SQL Server\Client SDK\ODBC\130\Tools\Binn\;C:\Program Files\Microsoft SQL Server\130\Tools\Binn\;P:\Program Files (x86)\Microsoft SQL Server\150\DTS\Binn\;p:\Ruby25-x64\bin;C:\Users\lrabo\AppData\Local\Microsoft\WindowsApps;P:\Program Files\Microsoft VS Code\bin;C:\Users\lrabo\AppData\Roaming\npm;F:\Code\Ruby\Tutorial Cucumber;
USERNAME=lrabo
OS=Windows_NT
PROCESSOR_IDENTIFIER=Intel64 Family 6 Model 142 Stepping 9, GenuineIntel



---------------  S Y S T E M  ---------------

OS: Windows 10 , 64 bit Build 17134 (10.0.17134.753)

CPU:total 4 (initial active 4) (2 cores per cpu, 2 threads per core) family 6 model 142 stepping 9, cmov, cx8, fxsr, mmx, sse, sse2, sse3, ssse3, sse4.1, sse4.2, popcnt, avx, avx2, aes, clmul, erms, 3dnowpref, lzcnt, ht, tsc, tscinvbit, bmi1, bmi2, adx, fma

Memory: 4k page, physical 8260324k(937112k free), swap 8260324k(8000k free)

vm_info: Java HotSpot(TM) 64-Bit Server VM (10.0.2+13) for windows-amd64 JRE (10.0.2+13), built on Jun 28 2018 01:57:56 by "mach5one" with MS VC++ 12.0 (VS2013)

END.
